#
# A fatal error has been detected by the Java Runtime Environment:
#
#  SIGSEGV (0xb) at pc=0x0000000106b7d015, pid=1115, tid=0x0000000000000307
#
# JRE version: Java(TM) SE Runtime Environment (8.0_202-b08) (build 1.8.0_202-b08)
# Java VM: Java HotSpot(TM) 64-Bit Server VM (25.202-b08 mixed mode bsd-amd64 compressed oops)
# Problematic frame:
# C  [StataSE+0x51015]
#
# Failed to write core dump. Core dumps have been disabled. To enable core dumping, try "ulimit -c unlimited" before starting Java again
#
# If you would like to submit a bug report, please visit:
#   http://bugreport.java.com/bugreport/crash.jsp
#

---------------  T H R E A D  ---------------

Current thread is native thread

siginfo: si_signo: 11 (SIGSEGV), si_code: 1 (SEGV_MAPERR), si_addr: 0x0000000000022c00

Registers:
RAX=0x0000000000000000, RBX=0x00007f9aa85b10f0, RCX=0x0000000040000000, RDX=0x0000000000000000
RSP=0x00007ffee90babd0, RBP=0x00007ffee90babe0, RSI=0x0000000107b9f084, RDI=0x0000000000000000
R8 =0x0000000000000000, R9 =0x00000000000007fb, R10=0x00007fff87dd6c28, R11=0x00007fff2c87ee15
R12=0x0000600003844210, R13=0x00006000004783f0, R14=0x00007fff659ca000, R15=0x0000000000000000
RIP=0x0000000106b7d015, EFLAGS=0x0000000000010246, ERR=0x0000000000000006
  TRAPNO=0x000000000000000e

Top of Stack: (sp=0x00007ffee90babd0)
0x00007ffee90babd0:   00007f9aa84dc7a0 00007fff70d6ff95
0x00007ffee90babe0:   00007ffee90bac10 00007fff2d2596f2
0x00007ffee90babf0:   00007f9aa5fbd0c0 0000600003844210
0x00007ffee90bac00:   0000000000000000 00007f9aa84dc7a0
0x00007ffee90bac10:   00007ffee90bac70 00007fff2d10326d
0x00007ffee90bac20:   00007fff71358f95 0000000000000000
0x00007ffee90bac30:   0000000000000000 00007f9aa84dc7a0
0x00007ffee90bac40:   00000001e90bac70 00007f9aa5fbd0c0
0x00007ffee90bac50:   00007f9aa84d6310 00007f9aa85b10f0
0x00007ffee90bac60:   00007fff659ca000 0000600000a14700
0x00007ffee90bac70:   00007ffee90bacc0 0000000106b724c4
0x00007ffee90bac80:   0000600003984570 00007fff70d5ec60
0x00007ffee90bac90:   0000000107e86258 000000012bd68000
0x00007ffee90baca0:   00007fff659ca000 000060000237d700
0x00007ffee90bacb0:   0000600003984570 00007fff70d5ec60
0x00007ffee90bacc0:   00007ffee90bad00 0000000106f48c2b
0x00007ffee90bacd0:   0000600003984570 000060000398d920
0x00007ffee90bace0:   00007fff659ca000 00007f9aa85b10f0
0x00007ffee90bacf0:   0000600000a14700 0000000000000258
0x00007ffee90bad00:   00007ffee90bad40 0000000106b7b04f
0x00007ffee90bad10:   000060000398d920 000060000398d920
0x00007ffee90bad20:   00007fff659ca000 0000000000000063
0x00007ffee90bad30:   000000012bd68000 00007fff659ca000
0x00007ffee90bad40:   00007ffee90bad70 0000000106b7de36
0x00007ffee90bad50:   000000012bd68000 00000001088b33a0
0x00007ffee90bad60:   00007ffee90bad80 00007ffee90bad80
0x00007ffee90bad70:   00007ffee90bc250 00000001071b456c
0x00007ffee90bad80:   0000006870617247 0000000106e2bcf4
0x00007ffee90bad90:   0000000000000000 0000000000000000
0x00007ffee90bada0:   00006000039109a8 00006000039109a8
0x00007ffee90badb0:   00007ffee90badf0 0000000106d31639
0x00007ffee90badc0:   e0ca1e8b396d00d7 0000000000000000 

Instructions: (pc=0x0000000106b7d015)
0x0000000106b7cff5:   41 ff d6 48 8b 35 31 07 30 01 31 d2 48 89 c7 41
0x0000000106b7d005:   ff d6 48 8d 05 fa 63 30 01 48 8b 00 48 8b 04 03
0x0000000106b7d015:   c7 80 00 2c 02 00 00 00 00 00 5b 41 5e 5d c3 66
0x0000000106b7d025:   66 66 2e 0f 1f 84 00 00 00 00 00 55 48 89 e5 41 

Register to memory mapping:

RAX=0x0000000000000000 is an unknown value
RBX=0x00007f9aa85b10f0 is an unknown value
RCX=0x0000000040000000 is an unknown value
RDX=0x0000000000000000 is an unknown value
RSP=0x00007ffee90babd0 is an unknown value
RBP=0x00007ffee90babe0 is an unknown value
RSI=0x0000000107b9f084: _ZTSN6icu_547UMemoryE+0xc59c4 in /Applications/Stata/StataSE.app/Contents/MacOS/StataSE at 0x0000000106b2c000
RDI=0x0000000000000000 is an unknown value
R8 =0x0000000000000000 is an unknown value
R9 =0x00000000000007fb is an unknown value
R10=0x00007fff87dd6c28: OBJC_CLASS_$_NSKeyValueDependencyInfo+0 in /System/Library/Frameworks/AppKit.framework/Versions/C/AppKit at 0x00007fff2c824000
R11=0x00007fff2c87ee15: -[NSKeyValueDependencyInfo addDependencyOnValueForKey:]+0 in /System/Library/Frameworks/AppKit.framework/Versions/C/AppKit at 0x00007fff2c824000
R12=0x0000600003844210 is an unknown value
R13=0x00006000004783f0 is an unknown value
R14=0x00007fff659ca000: objc_msgSend+0 in /usr/lib/libobjc.A.dylib at 0x00007fff659c4000
R15=0x0000000000000000 is an unknown value


Stack: [0x00007ffee88d4000,0x00007ffee90d4000],  sp=0x00007ffee90babd0,  free space=8090k
Native frames: (J=compiled Java code, j=interpreted, Vv=VM code, C=native code)
C  [StataSE+0x51015]
C  [AppKit+0xa356f2]  -[NSSavePanel didEndPanelWithReturnCode:]+0x44
C  [AppKit+0x8df26d]  NSWindowEndWindowModalSession+0x146
C  [StataSE+0x464c4]
C  [StataSE+0x41cc2b]
C  [StataSE+0x4f04f]
C  [StataSE+0x51e36]
C  [StataSE+0x68856c]
C  [StataSE+0x1893a]
C  [StataSE+0x415b41]
C  [StataSE+0x413b17]
C  [StataSE+0x40aa6f]
C  [StataSE+0x560205]
C  [StataSE+0x46b99a]
C  [StataSE+0x40aa6f]
C  [StataSE+0x425ba5]
C  [StataSE+0x40aa6f]
C  [StataSE+0x560205]
C  [StataSE+0x46a55c]
C  [StataSE+0x40aa6f]
C  [StataSE+0x425ba5]
C  [StataSE+0x40aa6f]
C  [StataSE+0x560205]
C  [StataSE+0x46a55c]
C  [StataSE+0x40aa6f]
C  [StataSE+0x560205]
C  [StataSE+0x46a55c]
C  [StataSE+0x40aa6f]
C  [StataSE+0x425ba5]
C  [StataSE+0x40aa6f]
C  [StataSE+0x560205]
C  [StataSE+0x46a55c]
C  [StataSE+0x46c041]
C  [StataSE+0x40aa6f]
C  [StataSE+0x560205]
C  [StataSE+0x46a55c]
C  [StataSE+0x40aa6f]
C  [StataSE+0x560205]
C  [StataSE+0x46c041]
C  [StataSE+0x40aa6f]
C  [StataSE+0x425ba5]
C  [StataSE+0x415c77]
C  [StataSE+0x415b41]
C  [StataSE+0x413b17]
C  [StataSE+0x40aa6f]
C  [StataSE+0x425ba5]
C  [StataSE+0x40aa6f]
C  [StataSE+0x425d95]
C  [StataSE+0x40aa6f]
C  [StataSE+0x560205]
C  [StataSE+0x46a55c]
C  [StataSE+0x40aa6f]
C  [StataSE+0x425ba5]
C  [StataSE+0x415c77]
C  [StataSE+0x415b41]
C  [StataSE+0x413b17]
C  [StataSE+0x40aa6f]
C  [StataSE+0x425ba5]
C  [StataSE+0x40aa6f]
C  [StataSE+0x425d95]
C  [StataSE+0x40aa6f]
C  [StataSE+0x61551b]
C  [libdyld.dylib+0x1a7fd]  start+0x1


---------------  P R O C E S S  ---------------

VM state:not at safepoint (normal execution)

VM Mutex/Monitor currently owned by a thread: None

heap address: 0x00000007a8000000, size: 384 MB, Compressed Oops mode: Zero based, Oop shift amount: 3
Narrow klass base: 0x0000000000000000, Narrow klass shift: 3
Compressed class space size: 1073741824 Address: 0x00000007c0000000

Heap:
 par new generation   total 39296K, used 22535K [0x00000007a8000000, 0x00000007aaaa0000, 0x00000007b0000000)
  eden space 34944K,  64% used [0x00000007a8000000, 0x00000007a9601d10, 0x00000007aa220000)
  from space 4352K,   0% used [0x00000007aa220000, 0x00000007aa220000, 0x00000007aa660000)
  to   space 4352K,   0% used [0x00000007aa660000, 0x00000007aa660000, 0x00000007aaaa0000)
 concurrent mark-sweep generation total 87424K, used 0K [0x00000007b0000000, 0x00000007b5560000, 0x00000007c0000000)
 Metaspace       used 10288K, capacity 10604K, committed 10752K, reserved 1058816K
  class space    used 1136K, capacity 1229K, committed 1280K, reserved 1048576K

Card table byte_map: [0x0000000114d5f000,0x0000000114e20000] byte_map_base: 0x000000011101f000

Marking Bits: (CMSBitMap*) 0x00007f9aa627b348
 Bits: [0x0000000114ea1000, 0x00000001152a1000)

Mod Union Table: (CMSBitMap*) 0x00007f9aa627b408
 Bits: [0x00000001152a2000, 0x00000001152b2000)

Polling page: 0x000000010bc61000

CodeCache: size=245760Kb used=3506Kb max_used=3518Kb free=242254Kb
 bounds [0x00000001168d0000, 0x0000000116c50000, 0x00000001258d0000]
 total_blobs=1358 nmethods=989 adapters=283
 compilation: enabled

Compilation events (10 events):
Event: 3.450 Thread 0x00007f9aa701d000 nmethod 980 0x0000000116c3d050 code [0x0000000116c3d1c0, 0x0000000116c3d7b8]
Event: 3.450 Thread 0x00007f9aa7031800 nmethod 984 0x0000000116c3c3d0 code [0x0000000116c3c560, 0x0000000116c3c7b8]
Event: 3.450 Thread 0x00007f9aa7031800  986       3       jdk.internal.org.objectweb.asm.ClassWriter::newClassItem (70 bytes)
Event: 3.450 Thread 0x00007f9aa7149800  987       4       java.lang.String::replace (127 bytes)
Event: 3.450 Thread 0x00007f9aa7031800 nmethod 986 0x0000000116c3bc10 code [0x0000000116c3bde0, 0x0000000116c3c218]
Event: 3.451 Thread 0x00007f9aa701d000  988       4       java.util.regex.Pattern$BmpCharProperty::match (50 bytes)
Event: 3.451 Thread 0x00007f9aa7031800  989   !   3       java.io.BufferedReader::readLine (304 bytes)
Event: 3.453 Thread 0x00007f9aa7031800 nmethod 989 0x0000000116c3da90 code [0x0000000116c3dd40, 0x0000000116c3f4a8]
Event: 3.453 Thread 0x00007f9aa701d000 nmethod 988 0x0000000116c3a110 code [0x0000000116c3a280, 0x0000000116c3a478]
Event: 3.459 Thread 0x00007f9aa7149800 nmethod 987 0x0000000116c39950 code [0x0000000116c39ac0, 0x0000000116c39f78]

GC Heap History (0 events):
No events

Deoptimization events (10 events):
Event: 1.751 Thread 0x00007f9aa7e05000 Uncommon trap: reason=class_check action=maybe_recompile pc=0x0000000116ac4390 method=java.util.regex.Pattern$BmpCharProperty.match(Ljava/util/regex/Matcher;ILjava/lang/CharSequence;)Z @ 31
Event: 1.751 Thread 0x00007f9aa7e05000 Uncommon trap: reason=unstable_if action=reinterpret pc=0x0000000116ac4324 method=java.util.regex.Pattern$BmpCharProperty.match(Ljava/util/regex/Matcher;ILjava/lang/CharSequence;)Z @ 5
Event: 2.043 Thread 0x00007f9aa7e05000 Uncommon trap: reason=unstable_if action=reinterpret pc=0x0000000116ab9228 method=java.lang.CharacterDataLatin1.digit(II)I @ 82
Event: 3.130 Thread 0x00007f9aa7e05000 Uncommon trap: reason=unstable_if action=reinterpret pc=0x0000000116aa969c method=java.lang.CharacterDataLatin1.digit(II)I @ 82
Event: 3.289 Thread 0x00007f9aa7e05000 Uncommon trap: reason=unstable_if action=reinterpret pc=0x0000000116b8232c method=java.util.Arrays.equals([B[B)Z @ 41
Event: 3.450 Thread 0x00007f9aa7e05000 Uncommon trap: reason=bimorphic action=maybe_recompile pc=0x0000000116beb6c4 method=java.util.regex.Pattern$BmpCharProperty.match(Ljava/util/regex/Matcher;ILjava/lang/CharSequence;)Z @ 16
Event: 3.450 Thread 0x00007f9aa7e05000 Uncommon trap: reason=bimorphic action=maybe_recompile pc=0x0000000116beb6c4 method=java.util.regex.Pattern$BmpCharProperty.match(Ljava/util/regex/Matcher;ILjava/lang/CharSequence;)Z @ 16
Event: 3.450 Thread 0x00007f9aa7e05000 Uncommon trap: reason=bimorphic action=maybe_recompile pc=0x0000000116beb6c4 method=java.util.regex.Pattern$BmpCharProperty.match(Ljava/util/regex/Matcher;ILjava/lang/CharSequence;)Z @ 16
Event: 3.450 Thread 0x00007f9aa7e05000 Uncommon trap: reason=bimorphic action=maybe_recompile pc=0x0000000116beb6c4 method=java.util.regex.Pattern$BmpCharProperty.match(Ljava/util/regex/Matcher;ILjava/lang/CharSequence;)Z @ 16
Event: 3.451 Thread 0x00007f9aa7e05000 Uncommon trap: reason=unstable_if action=reinterpret pc=0x0000000116bec2f0 method=java.util.HashMap$HashIterator.<init>(Ljava/util/HashMap;)V @ 45

Classes redefined (0 events):
No events

Internal exceptions (8 events):
Event: 0.757 Thread 0x00007f9aa6257000 Exception <a 'java/lang/NoSuchMethodError': Method sun.misc.Unsafe.defineClass(Ljava/lang/String;[BII)Ljava/lang/Class; name or signature does not match> (0x00000007a8007cb0) thrown at [/Users/java_re/workspace/8-2-build-macosx-x86_64/jdk8u202/12323/hotsp
Event: 0.757 Thread 0x00007f9aa6257000 Exception <a 'java/lang/NoSuchMethodError': Method sun.misc.Unsafe.prefetchRead(Ljava/lang/Object;J)V name or signature does not match> (0x00000007a8007f98) thrown at [/Users/java_re/workspace/8-2-build-macosx-x86_64/jdk8u202/12323/hotspot/src/share/vm/pr
Event: 1.072 Thread 0x00007f9aa6257000 Exception <a 'java/lang/NoSuchFieldError': method resolution failed> (0x00000007a8260e38) thrown at [/Users/java_re/workspace/8-2-build-macosx-x86_64/jdk8u202/12323/hotspot/src/share/vm/prims/methodHandles.cpp, line 1167]
Event: 1.074 Thread 0x00007f9aa6257000 Exception <a 'java/lang/NoSuchFieldError': method resolution failed> (0x00000007a826e238) thrown at [/Users/java_re/workspace/8-2-build-macosx-x86_64/jdk8u202/12323/hotspot/src/share/vm/prims/methodHandles.cpp, line 1167]
Event: 1.164 Thread 0x00007f9aa7e05000 Exception <a 'java/security/PrivilegedActionException'> (0x00000007a83ece68) thrown at [/Users/java_re/workspace/8-2-build-macosx-x86_64/jdk8u202/12323/hotspot/src/share/vm/prims/jvm.cpp, line 1502]
Event: 1.164 Thread 0x00007f9aa7e05000 Exception <a 'java/security/PrivilegedActionException'> (0x00000007a83ed078) thrown at [/Users/java_re/workspace/8-2-build-macosx-x86_64/jdk8u202/12323/hotspot/src/share/vm/prims/jvm.cpp, line 1502]
Event: 1.165 Thread 0x00007f9aa7e05000 Exception <a 'java/security/PrivilegedActionException'> (0x00000007a83f08b0) thrown at [/Users/java_re/workspace/8-2-build-macosx-x86_64/jdk8u202/12323/hotspot/src/share/vm/prims/jvm.cpp, line 1502]
Event: 1.165 Thread 0x00007f9aa7e05000 Exception <a 'java/security/PrivilegedActionException'> (0x00000007a83f0ac0) thrown at [/Users/java_re/workspace/8-2-build-macosx-x86_64/jdk8u202/12323/hotspot/src/share/vm/prims/jvm.cpp, line 1502]

Events (10 events):
Event: 3.450 Thread 0x00007f9aa7e05000 Uncommon trap: trap_request=0xffffffc6 fr.pc=0x0000000116beb6c4
Event: 3.450 Thread 0x00007f9aa7e05000 DEOPT PACKING pc=0x0000000116beb6c4 sp=0x00007000073ef320
Event: 3.450 Thread 0x00007f9aa7e05000 DEOPT UNPACKING pc=0x000000011691573a sp=0x00007000073ef2f0 mode 2
Event: 3.451 Thread 0x00007f9aa7e05000 Uncommon trap: trap_request=0xffffff65 fr.pc=0x0000000116bec2f0
Event: 3.451 Thread 0x00007f9aa7e05000 DEOPT PACKING pc=0x0000000116bec2f0 sp=0x00007000073ef2c0
Event: 3.451 Thread 0x00007f9aa7e05000 DEOPT UNPACKING pc=0x000000011691573a sp=0x00007000073ef280 mode 2
Event: 3.452 Thread 0x00007f9aa7e05000 Thread exited: 0x00007f9aa7e05000
Event: 4.853 Executing VM operation: EnableBiasedLocking
Event: 4.853 Executing VM operation: EnableBiasedLocking done
Event: 13.447 Thread 0x00007f9aa7e80000 Thread exited: 0x00007f9aa7e80000


Dynamic libraries:
0x00007fff2d62f000 	/System/Library/Frameworks/ApplicationServices.framework/Versions/A/ApplicationServices
0x00007fff2e6a5000 	/System/Library/Frameworks/Cocoa.framework/Versions/A/Cocoa
0x00007fff3aea4000 	/System/Library/Frameworks/QuartzCore.framework/Versions/A/QuartzCore
0x00007fff3bc73000 	/System/Library/Frameworks/Security.framework/Versions/A/Security
0x00007fff3bfc6000 	/System/Library/Frameworks/SecurityFoundation.framework/Versions/A/SecurityFoundation
0x00007fff3ce15000 	/System/Library/Frameworks/SystemConfiguration.framework/Versions/A/SystemConfiguration
0x0000000108ae1000 	/Applications/Stata/StataSE.app/Contents/Frameworks/Scintilla.framework/Versions/A/Scintilla
0x00007fff63e55000 	/usr/lib/libc++.1.dylib
0x00007fff31ce1000 	/System/Library/Frameworks/Foundation.framework/Versions/C/Foundation
0x00007fff659c4000 	/usr/lib/libobjc.A.dylib
0x00007fff63b6f000 	/usr/lib/libSystem.B.dylib
0x00007fff2c824000 	/System/Library/Frameworks/AppKit.framework/Versions/C/AppKit
0x00007fff2f61c000 	/System/Library/Frameworks/CoreFoundation.framework/Versions/A/CoreFoundation
0x00007fff2fa9e000 	/System/Library/Frameworks/CoreGraphics.framework/Versions/A/CoreGraphics
0x00007fff30a0c000 	/System/Library/Frameworks/CoreServices.framework/Versions/A/CoreServices
0x00007fff31482000 	/System/Library/Frameworks/CoreText.framework/Versions/A/CoreText
0x00007fff3254c000 	/System/Library/Frameworks/ImageIO.framework/Versions/A/ImageIO
0x00007fff2e6b3000 	/System/Library/Frameworks/ColorSync.framework/Versions/A/ColorSync
0x00007fff2d630000 	/System/Library/Frameworks/ApplicationServices.framework/Versions/A/Frameworks/ATS.framework/Versions/A/ATS
0x00007fff2d7fd000 	/System/Library/Frameworks/ApplicationServices.framework/Versions/A/Frameworks/ColorSyncLegacy.framework/Versions/A/ColorSyncLegacy
0x00007fff2d89c000 	/System/Library/Frameworks/ApplicationServices.framework/Versions/A/Frameworks/HIServices.framework/Versions/A/HIServices
0x00007fff2d8f3000 	/System/Library/Frameworks/ApplicationServices.framework/Versions/A/Frameworks/LangAnalysis.framework/Versions/A/LangAnalysis
0x00007fff2d902000 	/System/Library/Frameworks/ApplicationServices.framework/Versions/A/Frameworks/PrintCore.framework/Versions/A/PrintCore
0x00007fff2d948000 	/System/Library/Frameworks/ApplicationServices.framework/Versions/A/Frameworks/QD.framework/Versions/A/QD
0x00007fff2d953000 	/System/Library/Frameworks/ApplicationServices.framework/Versions/A/Frameworks/SpeechSynthesis.framework/Versions/A/SpeechSynthesis
0x00007fff5d9ba000 	/System/Library/PrivateFrameworks/SkyLight.framework/Versions/A/SkyLight
0x00007fff4b417000 	/System/Library/PrivateFrameworks/FontServices.framework/libFontParser.dylib
0x00007fff2b3c3000 	/System/Library/Frameworks/Accelerate.framework/Versions/A/Accelerate
0x00007fff324c6000 	/System/Library/Frameworks/IOSurface.framework/Versions/A/IOSurface
0x00007fff65f91000 	/usr/lib/libxml2.2.dylib
0x00007fff2ddb9000 	/System/Library/Frameworks/CFNetwork.framework/Versions/A/CFNetwork
0x00007fff660a0000 	/usr/lib/libz.1.dylib
0x00007fff622cc000 	/System/Library/PrivateFrameworks/WatchdogClient.framework/Versions/A/WatchdogClient
0x00007fff63ed1000 	/usr/lib/libcompression.dylib
0x00007fff636a7000 	/usr/lib/libDiagnosticMessagesClient.dylib
0x00007fff2f50b000 	/System/Library/Frameworks/CoreDisplay.framework/Versions/A/CoreDisplay
0x00007fff53972000 	/System/Library/PrivateFrameworks/IOAccelerator.framework/Versions/A/IOAccelerator
0x00007fff32421000 	/System/Library/Frameworks/IOKit.framework/Versions/A/IOKit
0x00007fff34a59000 	/System/Library/Frameworks/Metal.framework/Versions/A/Metal
0x00007fff34de7000 	/System/Library/Frameworks/MetalPerformanceShaders.framework/Versions/A/MetalPerformanceShaders
0x00007fff55d32000 	/System/Library/PrivateFrameworks/MultitouchSupport.framework/Versions/A/MultitouchSupport
0x00007fff63e37000 	/usr/lib/libbsm.0.dylib
0x00007fff66b16000 	/usr/lib/system/libcache.dylib
0x00007fff66b1c000 	/usr/lib/system/libcommonCrypto.dylib
0x00007fff66b28000 	/usr/lib/system/libcompiler_rt.dylib
0x00007fff66b30000 	/usr/lib/system/libcopyfile.dylib
0x00007fff66b3a000 	/usr/lib/system/libcorecrypto.dylib
0x00007fff66ce8000 	/usr/lib/system/libdispatch.dylib
0x00007fff66d2a000 	/usr/lib/system/libdyld.dylib
0x00007fff66d60000 	/usr/lib/system/libkeymgr.dylib
0x00007fff66d6e000 	/usr/lib/system/liblaunch.dylib
0x00007fff66d6f000 	/usr/lib/system/libmacho.dylib
0x00007fff66d75000 	/usr/lib/system/libquarantine.dylib
0x00007fff66d78000 	/usr/lib/system/libremovefile.dylib
0x00007fff66d7a000 	/usr/lib/system/libsystem_asl.dylib
0x00007fff66d92000 	/usr/lib/system/libsystem_blocks.dylib
0x00007fff66d93000 	/usr/lib/system/libsystem_c.dylib
0x00007fff66e1b000 	/usr/lib/system/libsystem_configuration.dylib
0x00007fff66e1f000 	/usr/lib/system/libsystem_coreservices.dylib
0x00007fff66e23000 	/usr/lib/system/libsystem_darwin.dylib
0x00007fff66e2c000 	/usr/lib/system/libsystem_dnssd.dylib
0x00007fff66e34000 	/usr/lib/system/libsystem_featureflags.dylib
0x00007fff66e36000 	/usr/lib/system/libsystem_info.dylib
0x00007fff66eb1000 	/usr/lib/system/libsystem_m.dylib
0x00007fff66ef9000 	/usr/lib/system/libsystem_malloc.dylib
0x00007fff66f21000 	/usr/lib/system/libsystem_networkextension.dylib
0x00007fff66f2f000 	/usr/lib/system/libsystem_notify.dylib
0x00007fff66f4e000 	/usr/lib/system/libsystem_sandbox.dylib
0x00007fff66f53000 	/usr/lib/system/libsystem_secinit.dylib
0x00007fff66e84000 	/usr/lib/system/libsystem_kernel.dylib
0x00007fff66f39000 	/usr/lib/system/libsystem_platform.dylib
0x00007fff66f43000 	/usr/lib/system/libsystem_pthread.dylib
0x00007fff66f56000 	/usr/lib/system/libsystem_symptoms.dylib
0x00007fff66f5e000 	/usr/lib/system/libsystem_trace.dylib
0x00007fff66f76000 	/usr/lib/system/libunwind.dylib
0x00007fff66f7c000 	/usr/lib/system/libxpc.dylib
0x00007fff63ea9000 	/usr/lib/libc++abi.dylib
0x00007fff64ca7000 	/usr/lib/liblzma.5.dylib
0x00007fff63d70000 	/usr/lib/libauto.dylib
0x00007fff64921000 	/usr/lib/libfakelink.dylib
0x00007fff319a9000 	/System/Library/Frameworks/DiskArbitration.framework/Versions/A/DiskArbitration
0x00007fff63c63000 	/usr/lib/libarchive.2.dylib
0x00007fff64a33000 	/usr/lib/libicucore.A.dylib
0x00007fff64ca5000 	/usr/lib/liblangid.dylib
0x00007fff635d8000 	/usr/lib/libCRFSuite.dylib
0x00007fff648f9000 	/usr/lib/libenergytrace.dylib
0x00007fff66d61000 	/usr/lib/system/libkxld.dylib
0x00007fff42929000 	/System/Library/PrivateFrameworks/AppleFSCompression.framework/Versions/A/AppleFSCompression
0x00007fff641b8000 	/usr/lib/libcoretls.dylib
0x00007fff641cf000 	/usr/lib/libcoretls_cfhelpers.dylib
0x00007fff65a08000 	/usr/lib/libpam.2.dylib
0x00007fff65b3b000 	/usr/lib/libsqlite3.dylib
0x00007fff65f7e000 	/usr/lib/libxar.1.dylib
0x00007fff63e48000 	/usr/lib/libbz2.1.0.dylib
0x00007fff64942000 	/usr/lib/libiconv.2.dylib
0x00007fff63ebe000 	/usr/lib/libcharset.1.dylib
0x00007fff654af000 	/usr/lib/libnetwork.dylib
0x00007fff65a0f000 	/usr/lib/libpcap.A.dylib
0x00007fff63c18000 	/usr/lib/libapple_nghttp2.dylib
0x00007fff30dc3000 	/System/Library/Frameworks/CoreServices.framework/Versions/A/Frameworks/FSEvents.framework/Versions/A/FSEvents
0x00007fff30a93000 	/System/Library/Frameworks/CoreServices.framework/Versions/A/Frameworks/CarbonCore.framework/Versions/A/CarbonCore
0x00007fff31006000 	/System/Library/Frameworks/CoreServices.framework/Versions/A/Frameworks/Metadata.framework/Versions/A/Metadata
0x00007fff3109f000 	/System/Library/Frameworks/CoreServices.framework/Versions/A/Frameworks/OSServices.framework/Versions/A/OSServices
0x00007fff310cd000 	/System/Library/Frameworks/CoreServices.framework/Versions/A/Frameworks/SearchKit.framework/Versions/A/SearchKit
0x00007fff30a0d000 	/System/Library/Frameworks/CoreServices.framework/Versions/A/Frameworks/AE.framework/Versions/A/AE
0x00007fff30dcc000 	/System/Library/Frameworks/CoreServices.framework/Versions/A/Frameworks/LaunchServices.framework/Versions/A/LaunchServices
0x00007fff30d75000 	/System/Library/Frameworks/CoreServices.framework/Versions/A/Frameworks/DictionaryServices.framework/Versions/A/DictionaryServices
0x00007fff31135000 	/System/Library/Frameworks/CoreServices.framework/Versions/A/Frameworks/SharedFileList.framework/Versions/A/SharedFileList
0x00007fff35d2e000 	/System/Library/Frameworks/NetFS.framework/Versions/A/NetFS
0x00007fff56262000 	/System/Library/PrivateFrameworks/NetAuth.framework/Versions/A/NetAuth
0x00007fff63275000 	/System/Library/PrivateFrameworks/login.framework/Versions/A/Frameworks/loginsupport.framework/Versions/A/loginsupport
0x00007fff5eff4000 	/System/Library/PrivateFrameworks/TCC.framework/Versions/A/TCC
0x00007fff47514000 	/System/Library/PrivateFrameworks/CoreNLP.framework/Versions/A/CoreNLP
0x00007fff55762000 	/System/Library/PrivateFrameworks/MetadataUtilities.framework/Versions/A/MetadataUtilities
0x00007fff64d7f000 	/usr/lib/libmecabra.dylib
0x00007fff64cd7000 	/usr/lib/libmecab.dylib
0x00007fff64932000 	/usr/lib/libgermantok.dylib
0x00007fff63bff000 	/usr/lib/libThaiTokenizer.dylib
0x00007fff63610000 	/usr/lib/libChineseTokenizer.dylib
0x00007fff2b3db000 	/System/Library/Frameworks/Accelerate.framework/Versions/A/Frameworks/vImage.framework/Versions/A/vImage
0x00007fff2c67e000 	/System/Library/Frameworks/Accelerate.framework/Versions/A/Frameworks/vecLib.framework/Versions/A/vecLib
0x00007fff2c5c2000 	/System/Library/Frameworks/Accelerate.framework/Versions/A/Frameworks/vecLib.framework/Versions/A/libvMisc.dylib
0x00007fff2c3e8000 	/System/Library/Frameworks/Accelerate.framework/Versions/A/Frameworks/vecLib.framework/Versions/A/libvDSP.dylib
0x00007fff2ba47000 	/System/Library/Frameworks/Accelerate.framework/Versions/A/Frameworks/vecLib.framework/Versions/A/libBLAS.dylib
0x00007fff2bfa2000 	/System/Library/Frameworks/Accelerate.framework/Versions/A/Frameworks/vecLib.framework/Versions/A/libLAPACK.dylib
0x00007fff2c348000 	/System/Library/Frameworks/Accelerate.framework/Versions/A/Frameworks/vecLib.framework/Versions/A/libLinearAlgebra.dylib
0x00007fff2c3d5000 	/System/Library/Frameworks/Accelerate.framework/Versions/A/Frameworks/vecLib.framework/Versions/A/libSparseBLAS.dylib
0x00007fff2c35e000 	/System/Library/Frameworks/Accelerate.framework/Versions/A/Frameworks/vecLib.framework/Versions/A/libQuadrature.dylib
0x00007fff2bcb1000 	/System/Library/Frameworks/Accelerate.framework/Versions/A/Frameworks/vecLib.framework/Versions/A/libBNNS.dylib
0x00007fff2c364000 	/System/Library/Frameworks/Accelerate.framework/Versions/A/Frameworks/vecLib.framework/Versions/A/libSparse.dylib
0x00007fff542e5000 	/System/Library/PrivateFrameworks/LanguageModeling.framework/Versions/A/LanguageModeling
0x00007fff46eb0000 	/System/Library/PrivateFrameworks/CoreEmoji.framework/Versions/A/CoreEmoji
0x00007fff54403000 	/System/Library/PrivateFrameworks/LinguisticData.framework/Versions/A/LinguisticData
0x00007fff543b4000 	/System/Library/PrivateFrameworks/Lexicon.framework/Versions/A/Lexicon
0x00007fff63ebf000 	/usr/lib/libcmph.dylib
0x00007fff38900000 	/System/Library/Frameworks/OpenDirectory.framework/Versions/A/Frameworks/CFOpenDirectory.framework/Versions/A/CFOpenDirectory
0x00007fff3891d000 	/System/Library/Frameworks/OpenDirectory.framework/Versions/A/OpenDirectory
0x00007fff40bea000 	/System/Library/PrivateFrameworks/APFS.framework/Versions/A/APFS
0x00007fff65f7a000 	/usr/lib/libutil.dylib
0x00007fff4819d000 	/System/Library/PrivateFrameworks/CoreServicesStore.framework/Versions/A/CoreServicesStore
0x00007fff3c07e000 	/System/Library/Frameworks/ServiceManagement.framework/Versions/A/ServiceManagement
0x00007fff440e0000 	/System/Library/PrivateFrameworks/BackgroundTaskManagement.framework/Versions/A/BackgroundTaskManagement
0x00007fff66077000 	/usr/lib/libxslt.1.dylib
0x00007fff50165000 	/System/Library/PrivateFrameworks/GPUWrangler.framework/Versions/A/GPUWrangler
0x00007fff5397d000 	/System/Library/PrivateFrameworks/IOPresentment.framework/Versions/A/IOPresentment
0x00007fff48e85000 	/System/Library/PrivateFrameworks/DSExternalDisplay.framework/Versions/A/DSExternalDisplay
0x00007fff39286000 	/System/Library/Frameworks/OpenGL.framework/Versions/A/Libraries/libCoreFSCache.dylib
0x00007fff34b39000 	/System/Library/Frameworks/MetalPerformanceShaders.framework/Frameworks/MPSCore.framework/Versions/A/MPSCore
0x00007fff34b76000 	/System/Library/Frameworks/MetalPerformanceShaders.framework/Frameworks/MPSImage.framework/Versions/A/MPSImage
0x00007fff34c38000 	/System/Library/Frameworks/MetalPerformanceShaders.framework/Frameworks/MPSNeuralNetwork.framework/Versions/A/MPSNeuralNetwork
0x00007fff34bfd000 	/System/Library/Frameworks/MetalPerformanceShaders.framework/Frameworks/MPSMatrix.framework/Versions/A/MPSMatrix
0x00007fff34d98000 	/System/Library/Frameworks/MetalPerformanceShaders.framework/Frameworks/MPSRayIntersector.framework/Versions/A/MPSRayIntersector
0x00007fff34c22000 	/System/Library/Frameworks/MetalPerformanceShaders.framework/Frameworks/MPSNDArray.framework/Versions/A/MPSNDArray
0x00007fff557af000 	/System/Library/PrivateFrameworks/MetalTools.framework/Versions/A/MetalTools
0x00007fff41daf000 	/System/Library/PrivateFrameworks/AggregateDictionary.framework/Versions/A/AggregateDictionary
0x00007fff4693a000 	/System/Library/PrivateFrameworks/CoreAnalytics.framework/Versions/A/CoreAnalytics
0x00007fff42eac000 	/System/Library/PrivateFrameworks/AppleSauce.framework/Versions/A/AppleSauce
0x00007fff639e9000 	/usr/lib/libMobileGestalt.dylib
0x00007fff42f8e000 	/System/Library/PrivateFrameworks/AppleSystemInfo.framework/Versions/A/AppleSystemInfo
0x00007fff638cc000 	/usr/lib/libIOReport.dylib
0x00007fff30125000 	/System/Library/Frameworks/CoreImage.framework/Versions/A/CoreImage
0x00007fff31637000 	/System/Library/Frameworks/CoreVideo.framework/Versions/A/CoreVideo
0x00007fff39eda000 	/System/Library/Frameworks/OpenGL.framework/Versions/A/OpenGL
0x00007fff515d3000 	/System/Library/PrivateFrameworks/GraphVisualizer.framework/Versions/A/GraphVisualizer
0x00007fff4a998000 	/System/Library/PrivateFrameworks/FaceCore.framework/Versions/A/FaceCore
0x00007fff388a7000 	/System/Library/Frameworks/OpenCL.framework/Versions/A/OpenCL
0x00007fff636ee000 	/usr/lib/libFosl_dynamic.dylib
0x00007fff56c5d000 	/System/Library/PrivateFrameworks/OTSVG.framework/Versions/A/OTSVG
0x00007fff2d734000 	/System/Library/Frameworks/ApplicationServices.framework/Versions/A/Frameworks/ATS.framework/Versions/A/Resources/libFontRegistry.dylib
0x00007fff63cd6000 	/usr/lib/libate.dylib
0x00007fff32769000 	/System/Library/Frameworks/ImageIO.framework/Versions/A/Resources/libJPEG.dylib
0x00007fff32a28000 	/System/Library/Frameworks/ImageIO.framework/Versions/A/Resources/libTIFF.dylib
0x00007fff32a0b000 	/System/Library/Frameworks/ImageIO.framework/Versions/A/Resources/libPng.dylib
0x00007fff326aa000 	/System/Library/Frameworks/ImageIO.framework/Versions/A/Resources/libGIF.dylib
0x00007fff326ae000 	/System/Library/Frameworks/ImageIO.framework/Versions/A/Resources/libJP2.dylib
0x00007fff32a26000 	/System/Library/Frameworks/ImageIO.framework/Versions/A/Resources/libRadiance.dylib
0x00007fff648fa000 	/usr/lib/libexpat.1.dylib
0x00007fff42a84000 	/System/Library/PrivateFrameworks/AppleJPEG.framework/Versions/A/AppleJPEG
0x00007fff4b5e8000 	/System/Library/PrivateFrameworks/FontServices.framework/libhvf.dylib
0x00007fff39291000 	/System/Library/Frameworks/OpenGL.framework/Versions/A/Libraries/libGFXShared.dylib
0x00007fff3946e000 	/System/Library/Frameworks/OpenGL.framework/Versions/A/Libraries/libGLU.dylib
0x00007fff3929a000 	/System/Library/Frameworks/OpenGL.framework/Versions/A/Libraries/libGL.dylib
0x00007fff392a5000 	/System/Library/Frameworks/OpenGL.framework/Versions/A/Libraries/libGLImage.dylib
0x00007fff39283000 	/System/Library/Frameworks/OpenGL.framework/Versions/A/Libraries/libCVMSPluginSupport.dylib
0x00007fff3928c000 	/System/Library/Frameworks/OpenGL.framework/Versions/A/Libraries/libCoreVMClient.dylib
0x00007fff65351000 	/usr/lib/libncurses.5.4.dylib
0x00007fff2d7cd000 	/System/Library/Frameworks/ApplicationServices.framework/Versions/A/Frameworks/ATSUI.framework/Versions/A/ATSUI
0x00007fff6478e000 	/usr/lib/libcups.2.dylib
0x00007fff33e96000 	/System/Library/Frameworks/Kerberos.framework/Versions/A/Kerberos
0x00007fff32116000 	/System/Library/Frameworks/GSS.framework/Versions/A/GSS
0x00007fff65ac7000 	/usr/lib/libresolv.9.dylib
0x00007fff51774000 	/System/Library/PrivateFrameworks/Heimdal.framework/Versions/A/Heimdal
0x00007fff33ea9000 	/System/Library/Frameworks/Kerberos.framework/Versions/A/Libraries/libHeimdalProxy.dylib
0x00007fff64938000 	/usr/lib/libheimdal-asn1.dylib
0x00007fff45de0000 	/System/Library/PrivateFrameworks/CommonAuth.framework/Versions/A/CommonAuth
0x00007fff2eb8e000 	/System/Library/Frameworks/CoreAudio.framework/Versions/A/CoreAudio
0x00007fff2d961000 	/System/Library/Frameworks/AudioToolbox.framework/Versions/A/AudioToolbox
0x00007fff4302b000 	/System/Library/PrivateFrameworks/AssertionServices.framework/Versions/A/AssertionServices
0x00007fff43bce000 	/System/Library/PrivateFrameworks/AudioToolboxCore.framework/Versions/A/AudioToolboxCore
0x00007fff62f26000 	/System/Library/PrivateFrameworks/caulk.framework/Versions/A/caulk
0x00007fff4418c000 	/System/Library/PrivateFrameworks/BaseBoard.framework/Versions/A/BaseBoard
0x00007fff5ad82000 	/System/Library/PrivateFrameworks/RunningBoardServices.framework/Versions/A/RunningBoardServices
0x00007fff57e4b000 	/System/Library/PrivateFrameworks/PersistentConnection.framework/Versions/A/PersistentConnection
0x00007fff5a7d1000 	/System/Library/PrivateFrameworks/ProtocolBuffer.framework/Versions/A/ProtocolBuffer
0x00007fff45e05000 	/System/Library/PrivateFrameworks/CommonUtilities.framework/Versions/A/CommonUtilities
0x00007fff4430f000 	/System/Library/PrivateFrameworks/Bom.framework/Versions/A/Bom
0x00007fff6359b000 	/usr/lib/libAudioToolboxUtility.dylib
0x00007fff2f128000 	/System/Library/Frameworks/CoreData.framework/Versions/A/CoreData
0x00007fff60417000 	/System/Library/PrivateFrameworks/UIFoundation.framework/Versions/A/UIFoundation
0x00007fff5abf3000 	/System/Library/PrivateFrameworks/RemoteViewServices.framework/Versions/A/RemoteViewServices
0x00007fff62eaa000 	/System/Library/PrivateFrameworks/XCTTargetBootstrap.framework/Versions/A/XCTTargetBootstrap
0x00007fff48ff9000 	/System/Library/PrivateFrameworks/DesktopServicesPriv.framework/Versions/A/DesktopServicesPriv
0x00007fff48145000 	/System/Library/PrivateFrameworks/CoreSVG.framework/Versions/A/CoreSVG
0x00007fff53d1d000 	/System/Library/PrivateFrameworks/IconServices.framework/Versions/A/IconServices
0x00007fff48e72000 	/System/Library/PrivateFrameworks/DFRFoundation.framework/Versions/A/DFRFoundation
0x00007fff2da43000 	/System/Library/Frameworks/AudioUnit.framework/Versions/A/AudioUnit
0x00007fff48ef3000 	/System/Library/PrivateFrameworks/DataDetectorsCore.framework/Versions/A/DataDetectorsCore
0x00007fff2e1c5000 	/System/Library/Frameworks/Carbon.framework/Versions/A/Frameworks/HIToolbox.framework/Versions/A/HIToolbox
0x00007fff2e504000 	/System/Library/Frameworks/Carbon.framework/Versions/A/Frameworks/SpeechRecognition.framework/Versions/A/SpeechRecognition
0x00007fff487f8000 	/System/Library/PrivateFrameworks/CoreUI.framework/Versions/A/CoreUI
0x00007fff57e3f000 	/System/Library/PrivateFrameworks/PerformanceAnalysis.framework/Versions/A/PerformanceAnalysis
0x00007fff5f4f9000 	/System/Library/PrivateFrameworks/TextureIO.framework/Versions/A/TextureIO
0x00007fff53f26000 	/System/Library/PrivateFrameworks/InternationalSupport.framework/Versions/A/InternationalSupport
0x00007fff440ea000 	/System/Library/PrivateFrameworks/Backup.framework/Versions/A/Backup
0x00007fff48bf5000 	/System/Library/PrivateFrameworks/CrashReporterSupport.framework/Versions/A/CrashReporterSupport
0x00007fff5c87e000 	/System/Library/PrivateFrameworks/Sharing.framework/Versions/A/Sharing
0x00007fff427cf000 	/System/Library/PrivateFrameworks/Apple80211.framework/Versions/A/Apple80211
0x00007fff43e0c000 	/System/Library/PrivateFrameworks/AuthKit.framework/Versions/A/AuthKit
0x00007fff48925000 	/System/Library/PrivateFrameworks/CoreUtils.framework/Versions/A/CoreUtils
0x00007fff3167c000 	/System/Library/Frameworks/CoreWLAN.framework/Versions/A/CoreWLAN
0x00007fff322a2000 	/System/Library/Frameworks/IOBluetooth.framework/Versions/A/IOBluetooth
0x00007fff55aad000 	/System/Library/PrivateFrameworks/MobileKeyBag.framework/Versions/A/MobileKeyBag
0x00007fff479f0000 	/System/Library/PrivateFrameworks/CorePhoneNumbers.framework/Versions/A/CorePhoneNumbers
0x00007fff42a37000 	/System/Library/PrivateFrameworks/AppleIDAuthSupport.framework/Versions/A/AppleIDAuthSupport
0x00007fff35d3b000 	/System/Library/Frameworks/Network.framework/Versions/A/Network
0x00007fff5416d000 	/System/Library/PrivateFrameworks/KeychainCircle.framework/Versions/A/KeychainCircle
0x00007fff2f0f0000 	/System/Library/Frameworks/CoreBluetooth.framework/Versions/A/CoreBluetooth
0x00007fff5e4fa000 	/System/Library/PrivateFrameworks/SpeechRecognitionCore.framework/Versions/A/SpeechRecognitionCore
0x00007fff48169000 	/System/Library/PrivateFrameworks/CoreServicesInternal.framework/Versions/A/CoreServicesInternal
0x00007fff31ba3000 	/System/Library/Frameworks/FileProvider.framework/Versions/A/FileProvider
0x00007fff2c67f000 	/System/Library/Frameworks/Accounts.framework/Versions/A/Accounts
0x00007fff50489000 	/System/Library/PrivateFrameworks/GenerationalStorage.framework/Versions/A/GenerationalStorage
0x00007fff486d9000 	/System/Library/PrivateFrameworks/CoreSymbolication.framework/Versions/A/CoreSymbolication
0x00007fff5ed35000 	/System/Library/PrivateFrameworks/SymptomDiagnosticReporter.framework/Versions/A/SymptomDiagnosticReporter
0x00007fff422c0000 	/System/Library/PrivateFrameworks/AppContainer.framework/Versions/A/AppContainer
0x00007fff65ae1000 	/usr/lib/libsandbox.1.dylib
0x00007fff61265000 	/System/Library/PrivateFrameworks/UserManagement.framework/Versions/A/UserManagement
0x00007fff44ed1000 	/System/Library/PrivateFrameworks/ChunkingLibrary.framework/Versions/A/ChunkingLibrary
0x00007fff48fba000 	/System/Library/PrivateFrameworks/DebugSymbols.framework/Versions/A/DebugSymbols
0x00007fff42332000 	/System/Library/PrivateFrameworks/AppSandbox.framework/Versions/A/AppSandbox
0x00007fff5c708000 	/System/Library/PrivateFrameworks/SecCodeWrapper.framework/Versions/A/SecCodeWrapper
0x00007fff639b2000 	/usr/lib/libMatch.1.dylib
0x00007fff23c9c000 	/System/Library/CoreServices/RawCamera.bundle/Contents/MacOS/RawCamera
0x00007fff558d7000 	/System/Library/PrivateFrameworks/MobileAsset.framework/Versions/A/MobileAsset
0x00007fff5ebe3000 	/System/Library/PrivateFrameworks/StreamingZip.framework/Versions/A/StreamingZip
0x00007fff34312000 	/System/Library/Frameworks/MediaToolbox.framework/Versions/A/MediaToolbox
0x00007fff468e9000 	/System/Library/PrivateFrameworks/CoreAVCHD.framework/Versions/A/CoreAVCHD
0x00007fff3423c000 	/System/Library/Frameworks/MediaAccessibility.framework/Versions/A/MediaAccessibility
0x00007fff54ca2000 	/System/Library/PrivateFrameworks/Mangrove.framework/Versions/A/Mangrove
0x00007fff30846000 	/System/Library/Frameworks/CoreMedia.framework/Versions/A/CoreMedia
0x00007fff54f0e000 	/System/Library/PrivateFrameworks/MediaExperience.framework/Versions/A/MediaExperience
0x00007fff3d0fb000 	/System/Library/Frameworks/VideoToolbox.framework/Versions/A/VideoToolbox
0x00007fff46513000 	/System/Library/PrivateFrameworks/CoreAUC.framework/Versions/A/CoreAUC
0x00007fff65b39000 	/usr/lib/libspindump.dylib
0x00007fff43579000 	/System/Library/PrivateFrameworks/AudioResourceArbitration.framework/Versions/A/AudioResourceArbitration
0x00007fff42f92000 	/System/Library/PrivateFrameworks/AppleVA.framework/Versions/A/AppleVA
0x000000010b6e4000 	/usr/lib/libobjc-trampolines.dylib
0x00007fff4b54f000 	/System/Library/PrivateFrameworks/FontServices.framework/libTrueTypeScaler.dylib
0x00007fff2b3c4000 	/System/Library/Frameworks/Accelerate.framework/Versions/A/Frameworks/vImage.framework/Versions/A/Libraries/libCGInterfaces.dylib
0x00007fff6203b000 	/System/Library/PrivateFrameworks/ViewBridge.framework/Versions/A/ViewBridge
0x00007fff282e5000 	/System/Library/Extensions/AppleIntelKBLGraphicsMTLDriver.bundle/Contents/MacOS/AppleIntelKBLGraphicsMTLDriver
0x00007fff4eabd000 	/System/Library/PrivateFrameworks/GPUCompiler.framework/Versions/3902/Libraries/libmetal_timestamp.dylib
0x00007fff3aea3000 	/System/Library/Frameworks/Quartz.framework/Versions/A/Quartz
0x00007fff3a8b0000 	/System/Library/Frameworks/Quartz.framework/Versions/A/Frameworks/QuartzComposer.framework/Versions/A/QuartzComposer
0x00007fff3a098000 	/System/Library/Frameworks/PDFKit.framework/Versions/A/PDFKit
0x00007fff3ad72000 	/System/Library/Frameworks/Quartz.framework/Versions/A/Frameworks/QuartzFilters.framework/Versions/A/QuartzFilters
0x00007fff3a668000 	/System/Library/Frameworks/Quartz.framework/Versions/A/Frameworks/ImageKit.framework/Versions/A/ImageKit
0x00007fff3ad98000 	/System/Library/Frameworks/Quartz.framework/Versions/A/Frameworks/QuickLookUI.framework/Versions/A/QuickLookUI
0x00007fff32eea000 	/System/Library/Frameworks/JavaScriptCore.framework/Versions/A/JavaScriptCore
0x00007fff47883000 	/System/Library/PrivateFrameworks/CorePDF.framework/Versions/A/CorePDF
0x00007fff60704000 	/System/Library/PrivateFrameworks/URLFormatting.framework/Versions/A/URLFormatting
0x00007fff3b124000 	/System/Library/Frameworks/QuickLook.framework/Versions/A/QuickLook
0x00007fff49433000 	/System/Library/PrivateFrameworks/DisplayServices.framework/Versions/A/DisplayServices
0x00007fff324f4000 	/System/Library/Frameworks/ImageCaptureCore.framework/Versions/A/ImageCaptureCore
0x00007fff2afdd000 	/System/Library/Frameworks/AVFoundation.framework/Versions/A/AVFoundation
0x00007fff5a8fa000 	/System/Library/PrivateFrameworks/QuickLookSupport.framework/Versions/A/QuickLookSupport
0x00007fff49362000 	/System/Library/PrivateFrameworks/DiskManagement.framework/Versions/A/DiskManagement
0x00007fff3b17e000 	/System/Library/Frameworks/QuickLookThumbnailing.framework/Versions/A/QuickLookThumbnailing
0x00007fff2b1d7000 	/System/Library/Frameworks/AVFoundation.framework/Versions/A/Frameworks/AVFAudio.framework/Versions/A/AVFAudio
0x00007fff30921000 	/System/Library/Frameworks/CoreMediaIO.framework/Versions/A/CoreMediaIO
0x00007fff6358e000 	/usr/lib/libAudioStatistics.dylib
0x00007fff632bd000 	/System/Library/PrivateFrameworks/perfdata.framework/Versions/A/perfdata
0x00007fff65a83000 	/usr/lib/libperfcheck.dylib
0x00007fff63a7d000 	/usr/lib/libSMC.dylib
0x00007fff54f99000 	/System/Library/PrivateFrameworks/MediaKit.framework/Versions/A/MediaKit
0x00007fff318d9000 	/System/Library/Frameworks/DiscRecording.framework/Versions/A/DiscRecording
0x00007fff6361b000 	/usr/lib/libCoreStorage.dylib
0x00007fff6477b000 	/usr/lib/libcsfde.dylib
0x00007fff49511000 	/System/Library/PrivateFrameworks/EFILogin.framework/Versions/A/EFILogin
0x00007fff5a776000 	/System/Library/PrivateFrameworks/ProtectedCloudStorage.framework/Versions/A/ProtectedCloudStorage
0x00007fff46a58000 	/System/Library/PrivateFrameworks/CoreBrightness.framework/Versions/A/CoreBrightness
0x00007fff51646000 	/System/Library/PrivateFrameworks/HID.framework/Versions/A/HID
0x00007fff3b651000 	/System/Library/Frameworks/SafariServices.framework/Versions/A/SafariServices
0x00007fff5a8f6000 	/System/Library/PrivateFrameworks/QuickLookNonBaseSystem.framework/Versions/A/QuickLookNonBaseSystem
0x00007fff54e63000 	/System/Library/PrivateFrameworks/MarkupUI.framework/Versions/A/MarkupUI
0x00007fff5c9c3000 	/System/Library/PrivateFrameworks/SidecarCore.framework/Versions/A/SidecarCore
0x00007fff42172000 	/System/Library/PrivateFrameworks/AnnotationKit.framework/Versions/A/AnnotationKit
0x00007fff3a18d000 	/System/Library/Frameworks/PencilKit.framework/Versions/A/PencilKit
0x00007fff5c9e4000 	/System/Library/PrivateFrameworks/SidecarUI.framework/Versions/A/SidecarUI
0x00007fff4706c000 	/System/Library/PrivateFrameworks/CoreHandwriting.framework/Versions/A/CoreHandwriting
0x00007fff34b1e000 	/System/Library/Frameworks/MetalKit.framework/Versions/A/MetalKit
0x00007fff55b98000 	/System/Library/PrivateFrameworks/Montreal.framework/Versions/A/Montreal
0x00007fff30540000 	/System/Library/Frameworks/CoreML.framework/Versions/A/CoreML
0x00007fff4948d000 	/System/Library/PrivateFrameworks/DuetActivityScheduler.framework/Versions/A/DuetActivityScheduler
0x00007fff4a04b000 	/System/Library/PrivateFrameworks/Espresso.framework/Versions/A/Espresso
0x00007fff46c30000 	/System/Library/PrivateFrameworks/CoreDuet.framework/Versions/A/CoreDuet
0x00007fff46e3c000 	/System/Library/PrivateFrameworks/CoreDuetContext.framework/Versions/A/CoreDuetContext
0x00007fff598f3000 	/System/Library/PrivateFrameworks/PowerLog.framework/Versions/A/PowerLog
0x00007fff313bc000 	/System/Library/Frameworks/CoreTelephony.framework/Versions/A/CoreTelephony
0x00007fff46e9d000 	/System/Library/PrivateFrameworks/CoreDuetDebugLogging.framework/Versions/A/CoreDuetDebugLogging
0x00007fff42e81000 	/System/Library/PrivateFrameworks/ApplePushService.framework/Versions/A/ApplePushService
0x00007fff2e50b000 	/System/Library/Frameworks/CloudKit.framework/Versions/A/CloudKit
0x00007fff32a8a000 	/System/Library/Frameworks/Intents.framework/Versions/A/Intents
0x00007fff46e8a000 	/System/Library/PrivateFrameworks/CoreDuetDaemonProtocol.framework/Versions/A/CoreDuetDaemonProtocol
0x00007fff5a964000 	/System/Library/PrivateFrameworks/Rapport.framework/Versions/A/Rapport
0x00007fff63b71000 	/usr/lib/libTelephonyUtilDynamic.dylib
0x00007fff46c24000 	/System/Library/PrivateFrameworks/CoreDaemon.framework/Versions/B/CoreDaemon
0x00007fff42ea7000 	/System/Library/PrivateFrameworks/AppleSRP.framework/Versions/A/AppleSRP
0x00007fff4446a000 	/System/Library/PrivateFrameworks/C2.framework/Versions/A/C2
0x00007fff30483000 	/System/Library/Frameworks/CoreLocation.framework/Versions/A/CoreLocation
0x00007fff3a541000 	/System/Library/Frameworks/PushKit.framework/Versions/A/PushKit
0x00007fff35e7f000 	/System/Library/Frameworks/NetworkExtension.framework/Versions/A/NetworkExtension
0x00007fff65926000 	/usr/lib/libnetworkextension.dylib
0x00007fff5989a000 	/System/Library/PrivateFrameworks/PlugInKit.framework/Versions/A/PlugInKit
0x00007fff494db000 	/System/Library/PrivateFrameworks/EAP8021X.framework/Versions/A/EAP8021X
0x00007fff504c8000 	/System/Library/PrivateFrameworks/GeoServices.framework/Versions/A/GeoServices
0x00007fff5442e000 	/System/Library/PrivateFrameworks/LocationSupport.framework/Versions/A/LocationSupport
0x00007fff53f07000 	/System/Library/PrivateFrameworks/IntentsFoundation.framework/Versions/A/IntentsFoundation
0x00007fff2e1c0000 	/System/Library/Frameworks/Carbon.framework/Versions/A/Carbon
0x00007fff2e1c1000 	/System/Library/Frameworks/Carbon.framework/Versions/A/Frameworks/CommonPanels.framework/Versions/A/CommonPanels
0x00007fff2e4ba000 	/System/Library/Frameworks/Carbon.framework/Versions/A/Frameworks/Help.framework/Versions/A/Help
0x00007fff2e4be000 	/System/Library/Frameworks/Carbon.framework/Versions/A/Frameworks/ImageCapture.framework/Versions/A/ImageCapture
0x00007fff2e4c5000 	/System/Library/Frameworks/Carbon.framework/Versions/A/Frameworks/OpenScripting.framework/Versions/A/OpenScripting
0x00007fff2e4c4000 	/System/Library/Frameworks/Carbon.framework/Versions/A/Frameworks/Ink.framework/Versions/A/Ink
0x00007fff2e500000 	/System/Library/Frameworks/Carbon.framework/Versions/A/Frameworks/Print.framework/Versions/A/Print
0x00007fff2e501000 	/System/Library/Frameworks/Carbon.framework/Versions/A/Frameworks/SecurityHI.framework/Versions/A/SecurityHI
0x00007fff63278000 	/System/Library/PrivateFrameworks/login.framework/Versions/A/login
0x0000000114835000 	/Applications/Stata/utilities/java/macosx-x64/jre1.8.0_202.jre/Contents/Home/lib/jli/libjli.dylib
0x0000000115917000 	/Applications/Stata/utilities/java/macosx-x64/jre1.8.0_202.jre/Contents/Home/lib/server/libjvm.dylib
0x00007fff65e4c000 	/usr/lib/libstdc++.6.dylib
0x000000011487d000 	/Applications/Stata/utilities/java/macosx-x64/jre1.8.0_202.jre/Contents/Home/lib/libverify.dylib
0x00000001148ab000 	/Applications/Stata/utilities/java/macosx-x64/jre1.8.0_202.jre/Contents/Home/lib/libjava.dylib
0x0000000114974000 	/Applications/Stata/utilities/java/macosx-x64/jre1.8.0_202.jre/Contents/Home/lib/libzip.dylib
0x00007fff4504f000 	/System/Library/PrivateFrameworks/CloudDocs.framework/Versions/A/CloudDocs
0x00007fff5e5ca000 	/System/Library/PrivateFrameworks/SpotlightIndex.framework/Versions/A/SpotlightIndex
0x0000000129c6d000 	/System/Library/Frameworks/FileProvider.framework/OverrideBundles/CloudDocsFileProvider.bundle/Contents/MacOS/CloudDocsFileProvider
0x0000000129c7e000 	/System/Library/Frameworks/FileProvider.framework/OverrideBundles/FileProviderOverride.bundle/Contents/MacOS/FileProviderOverride
0x0000000129d47000 	/System/Library/Frameworks/FileProvider.framework/OverrideBundles/FinderSyncCollaborationFileProviderOverride.bundle/Contents/MacOS/FinderSyncCollaborationFileProviderOverride
0x00007fff4b3e3000 	/System/Library/PrivateFrameworks/FinderSyncPriv.framework/Versions/A/FinderSyncPriv
0x000000012b721000 	/Applications/Stata/utilities/java/macosx-x64/jre1.8.0_202.jre/Contents/Home/lib/libnio.dylib
0x000000012b731000 	/Applications/Stata/utilities/java/macosx-x64/jre1.8.0_202.jre/Contents/Home/lib/libnet.dylib
0x000000012b748000 	/Applications/Stata/utilities/java/macosx-x64/jre1.8.0_202.jre/Contents/Home/lib/libsunec.dylib
0x00007fff65f1e000 	/usr/lib/libusrtcp.dylib
0x00007fff5c9a4000 	/System/Library/PrivateFrameworks/Shortcut.framework/Versions/A/Shortcut
0x00007fff52221000 	/System/Library/PrivateFrameworks/HelpData.framework/Versions/A/HelpData
0x00007fff5edb0000 	/System/Library/PrivateFrameworks/SystemAdministration.framework/Versions/A/SystemAdministration
0x00007fff318cd000 	/System/Library/Frameworks/DirectoryService.framework/Versions/A/DirectoryService
0x00007fff49299000 	/System/Library/PrivateFrameworks/DiskImages.framework/Versions/A/DiskImages
0x00007fff544ab000 	/System/Library/PrivateFrameworks/LoginUIKit.framework/Versions/A/Frameworks/LoginUICore.framework/Versions/A/LoginUICore
0x00007fff659f6000 	/usr/lib/libodfde.dylib
0x00007fff647ef000 	/usr/lib/libcurl.4.dylib
0x00007fff64674000 	/usr/lib/libcrypto.44.dylib
0x00007fff65e1c000 	/usr/lib/libssl.46.dylib
0x00007fff33eaa000 	/System/Library/Frameworks/LDAP.framework/Versions/A/LDAP
0x00007fff5f73d000 	/System/Library/PrivateFrameworks/TrustEvaluationAgent.framework/Versions/A/TrustEvaluationAgent
0x00007fff65b26000 	/usr/lib/libsasl2.2.dylib

VM Arguments:
jvm_args: -Xmx384M -Xss2M -XX:+UseParNewGC -XX:+UseConcMarkSweepGC -XX:MinHeapFreeRatio=40 -XX:MaxHeapFreeRatio=70 -XX:ErrorFile=/dev/null 
java_command: <unknown>
java_class_path (initial): /Applications/Stata/utilities/jar/libstata-core.jar:/Applications/Stata/utilities/jar/libdeps-core.jar:/Applications/Stata/utilities/jar/sfi-api.jar:
Launcher Type: generic

Environment Variables:
PATH=/usr/bin:/bin:/usr/sbin:/sbin
SHELL=/bin/zsh
DISPLAY=/private/tmp/com.apple.launchd.kekb7OiHir/org.macosforge.xquartz:0

Signal Handlers:
SIGSEGV: [libjvm.dylib+0x5b719d], sa_mask[0]=11111111011111110111111111111111, sa_flags=SA_ONSTACK|SA_RESTART|SA_SIGINFO
SIGBUS: [libjvm.dylib+0x5b719d], sa_mask[0]=11111111011111110111111111111111, sa_flags=SA_RESTART|SA_SIGINFO
SIGFPE: [libjvm.dylib+0x48c8fc], sa_mask[0]=11111111011111110111111111111111, sa_flags=SA_RESTART|SA_SIGINFO
SIGPIPE: [libjvm.dylib+0x48c8fc], sa_mask[0]=11111111011111110111111111111111, sa_flags=SA_RESTART|SA_SIGINFO
SIGXFSZ: [libjvm.dylib+0x48c8fc], sa_mask[0]=11111111011111110111111111111111, sa_flags=SA_RESTART|SA_SIGINFO
SIGILL: [libjvm.dylib+0x48c8fc], sa_mask[0]=11111111011111110111111111111111, sa_flags=SA_RESTART|SA_SIGINFO
SIGUSR1: SIG_DFL, sa_mask[0]=00000000000000000000000000000000, sa_flags=none
SIGUSR2: [libjvm.dylib+0x48c41a], sa_mask[0]=11100100000001110111111111011111, sa_flags=SA_RESTART|SA_SIGINFO
SIGHUP: [libjvm.dylib+0x48a9a5], sa_mask[0]=11111111011111110111111111111111, sa_flags=SA_RESTART|SA_SIGINFO
SIGINT: [libjvm.dylib+0x48a9a5], sa_mask[0]=11111111011111110111111111111111, sa_flags=SA_RESTART|SA_SIGINFO
SIGTERM: [libjvm.dylib+0x48a9a5], sa_mask[0]=11111111011111110111111111111111, sa_flags=SA_RESTART|SA_SIGINFO
SIGQUIT: [libjvm.dylib+0x48a9a5], sa_mask[0]=11111111011111110111111111111111, sa_flags=SA_RESTART|SA_SIGINFO


---------------  S Y S T E M  ---------------

OS:Bsduname:Darwin 19.3.0 Darwin Kernel Version 19.3.0: Thu Jan  9 20:58:23 PST 2020; root:xnu-6153.81.5~1/RELEASE_X86_64 x86_64
rlimit: STACK 8192k, CORE 0k, NPROC 1392, NOFILE 10240, AS infinity
load average:4.84 3.08 2.92

CPU:total 4 (initial active 4) (2 cores per cpu, 2 threads per core) family 6 model 142 stepping 9, cmov, cx8, fxsr, mmx, sse, sse2, sse3, ssse3, sse4.1, sse4.2, popcnt, avx, avx2, aes, clmul, erms, 3dnowpref, lzcnt, ht, tsc, tscinvbit, bmi1, bmi2, adx

Memory: 4k page, physical 8388608k(117180k free)

/proc/meminfo:


vm_info: Java HotSpot(TM) 64-Bit Server VM (25.202-b08) for bsd-amd64 JRE (1.8.0_202-b08), built on Dec 15 2018 20:16:16 by "java_re" with gcc 4.2.1 (Based on Apple Inc. build 5658) (LLVM build 2336.11.00)

time: Sun Feb 23 11:56:13 2020
timezone: EST
elapsed time: 1706 seconds (0d 0h 28m 26s)

