This is pdfTeX, Version 3.141592653-2.6-1.40.23 (TeX Live 2022/dev) (preloaded format=pdflatex 2021.8.30)  7 SEP 2021 15:46
entering extended mode
 restricted \write18 enabled.
 %&-line parsing enabled.
**TwoPageStata.tex
(./TwoPageStata.tex
LaTeX2e <2021-06-01> patch level 1
L3 programming layer <2021-08-27>
(/Users/agrogan/Library/TinyTeX/texmf-dist/tex/latex/tufte-latex/tufte-handout.
cls
Document Class: tufte-handout 2015/06/21 v3.5.2 Tufte-handout class

(/Users/agrogan/Library/TinyTeX/texmf-dist/tex/latex/tufte-latex/tufte-common.d
ef
File: tufte-common.def 2015/06/21 v3.5.2 Common code for the Tufte-LaTeX styles

(/Users/agrogan/Library/TinyTeX/texmf-dist/tex/latex/xkeyval/xkeyval.sty
Package: xkeyval 2020/11/20 v2.8 package option processing (HA)
(/Users/agrogan/Library/TinyTeX/texmf-dist/tex/generic/xkeyval/xkeyval.tex (/Us
ers/agrogan/Library/TinyTeX/texmf-dist/tex/generic/xkeyval/xkvutils.tex
\XKV@toks=\toks16
\XKV@tempa@toks=\toks17
(/Users/agrogan/Library/TinyTeX/texmf-dist/tex/generic/xkeyval/keyval.tex))
\XKV@depth=\count182
File: xkeyval.tex 2014/12/03 v2.7a key=value parser (HA)
)) (/Users/agrogan/Library/TinyTeX/texmf-dist/tex/latex/xifthen/xifthen.sty
Package: xifthen 2015/11/05 v1.4.0 Extended ifthen features
(/Users/agrogan/Library/TinyTeX/texmf-dist/tex/latex/tools/calc.sty
Package: calc 2017/05/25 v4.3 Infix arithmetic (KKT,FJ)
\calc@Acount=\count183
\calc@Bcount=\count184
\calc@Adimen=\dimen138
\calc@Bdimen=\dimen139
\calc@Askip=\skip47
\calc@Bskip=\skip48
LaTeX Info: Redefining \setlength on input line 80.
LaTeX Info: Redefining \addtolength on input line 81.
\calc@Ccount=\count185
\calc@Cskip=\skip49
) (/Users/agrogan/Library/TinyTeX/texmf-dist/tex/latex/base/ifthen.sty
Package: ifthen 2020/11/24 v1.1c Standard LaTeX ifthen package (DPC)
) (/Users/agrogan/Library/TinyTeX/texmf-dist/tex/latex/ifmtarg/ifmtarg.sty
Package: ifmtarg 2018/04/16 v1.2b check for an empty argument
)) (/Users/agrogan/Library/TinyTeX/texmf-dist/tex/latex/hardwrap/hardwrap.sty
Package: hardwrap 2011/02/12 v0.2 Hard wrap messages

(/Users/agrogan/Library/TinyTeX/texmf-dist/tex/generic/pdftexcmds/pdftexcmds.st
y
Package: pdftexcmds 2020-06-27 v0.33 Utility functions of pdfTeX for LuaTeX (HO
)
(/Users/agrogan/Library/TinyTeX/texmf-dist/tex/generic/infwarerr/infwarerr.sty
Package: infwarerr 2019/12/03 v1.5 Providing info/warning/error messages (HO)
) (/Users/agrogan/Library/TinyTeX/texmf-dist/tex/generic/iftex/iftex.sty
Package: iftex 2020/03/06 v1.0d TeX engine tests
) (/Users/agrogan/Library/TinyTeX/texmf-dist/tex/generic/ltxcmds/ltxcmds.sty
Package: ltxcmds 2020-05-10 v1.25 LaTeX kernel commands for general use (HO)
)
Package pdftexcmds Info: \pdf@primitive is available.
Package pdftexcmds Info: \pdf@ifprimitive is available.
Package pdftexcmds Info: \pdfdraftmode found.
) (/Users/agrogan/Library/TinyTeX/texmf-dist/tex/generic/iftex/ifxetex.sty
Package: ifxetex 2019/10/25 v0.7 ifxetex legacy package. Use iftex instead.
)
\hw@charcount=\count186
\hw@wordcount=\count187
\hw@maxprintline=\count188
(|kpsewhich -var-value=max_print_line))

Class tufte-handout Warning: Option `11pt' is not supported -- ignoring option

Class tufte-handout Info: Loading the base class `article'
(/Users/agrogan/Library/TinyTeX/texmf-dist/tex/latex/base/article.cls
Document Class: article 2021/02/12 v1.4n Standard LaTeX document class
(/Users/agrogan/Library/TinyTeX/texmf-dist/tex/latex/base/size10.clo
File: size10.clo 2021/02/12 v1.4n Standard LaTeX file (size option)
)
\c@part=\count189
\c@section=\count190
\c@subsection=\count191
\c@subsubsection=\count192
\c@paragraph=\count193
\c@subparagraph=\count194
\c@figure=\count195
\c@table=\count196
\abovecaptionskip=\skip50
\belowcaptionskip=\skip51
\bibindent=\dimen140
) (/Users/agrogan/Library/TinyTeX/texmf-dist/tex/generic/iftex/ifpdf.sty
Package: ifpdf 2019/10/25 v3.4 ifpdf legacy package. Use iftex instead.
) (/Users/agrogan/Library/TinyTeX/texmf-dist/tex/generic/iftex/ifluatex.sty
Package: ifluatex 2019/10/25 v1.5 ifluatex legacy package. Use iftex instead.
) (/Users/agrogan/Library/TinyTeX/texmf-dist/tex/latex/titlesec/titlesec.sty
Package: titlesec 2021/07/05 v2.14 Sectioning titles
\ttl@box=\box50
\beforetitleunit=\skip52
\aftertitleunit=\skip53
\ttl@plus=\dimen141
\ttl@minus=\dimen142
\ttl@toksa=\toks18
\titlewidth=\dimen143
\titlewidthlast=\dimen144
\titlewidthfirst=\dimen145
) (/Users/agrogan/Library/TinyTeX/texmf-dist/tex/latex/titlesec/titletoc.sty
Package: titletoc 2021/07/05 v2.14 TOC entries
\ttl@leftsep=\dimen146
) (/Users/agrogan/Library/TinyTeX/texmf-dist/tex/latex/hyperref/hyperref.sty
Package: hyperref 2021-06-07 v7.00m Hypertext links for LaTeX
(/Users/agrogan/Library/TinyTeX/texmf-dist/tex/generic/kvsetkeys/kvsetkeys.sty
Package: kvsetkeys 2019/12/15 v1.18 Key value parser (HO)
)
(/Users/agrogan/Library/TinyTeX/texmf-dist/tex/generic/kvdefinekeys/kvdefinekey
s.sty
Package: kvdefinekeys 2019-12-19 v1.6 Define keys (HO)
) (/Users/agrogan/Library/TinyTeX/texmf-dist/tex/generic/pdfescape/pdfescape.st
y
Package: pdfescape 2019/12/09 v1.15 Implements pdfTeX's escape features (HO)
) (/Users/agrogan/Library/TinyTeX/texmf-dist/tex/latex/hycolor/hycolor.sty
Package: hycolor 2020-01-27 v1.10 Color options for hyperref/bookmark (HO)
)
(/Users/agrogan/Library/TinyTeX/texmf-dist/tex/latex/letltxmacro/letltxmacro.st
y
Package: letltxmacro 2019/12/03 v1.6 Let assignment for LaTeX macros (HO)
) (/Users/agrogan/Library/TinyTeX/texmf-dist/tex/latex/auxhook/auxhook.sty
Package: auxhook 2019-12-17 v1.6 Hooks for auxiliary files (HO)
) (/Users/agrogan/Library/TinyTeX/texmf-dist/tex/latex/kvoptions/kvoptions.sty
Package: kvoptions 2020-10-07 v3.14 Key value format for package options (HO)
)
\@linkdim=\dimen147
\Hy@linkcounter=\count197
\Hy@pagecounter=\count198
(/Users/agrogan/Library/TinyTeX/texmf-dist/tex/latex/hyperref/pd1enc.def
File: pd1enc.def 2021-06-07 v7.00m Hyperref: PDFDocEncoding definition (HO)
Now handling font encoding PD1 ...
... no UTF-8 mapping file for font encoding PD1
)
(/Users/agrogan/Library/TinyTeX/texmf-dist/tex/latex/hyperref/hyperref-langpatc
hes.def
File: hyperref-langpatches.def 2021-06-07 v7.00m Hyperref: patches for babel la
nguages
) (/Users/agrogan/Library/TinyTeX/texmf-dist/tex/generic/intcalc/intcalc.sty
Package: intcalc 2019/12/15 v1.3 Expandable calculations with integers (HO)
) (/Users/agrogan/Library/TinyTeX/texmf-dist/tex/generic/etexcmds/etexcmds.sty
Package: etexcmds 2019/12/15 v1.7 Avoid name clashes with e-TeX commands (HO)
)
\Hy@SavedSpaceFactor=\count199
(/Users/agrogan/Library/TinyTeX/texmf-dist/tex/latex/hyperref/puenc.def
File: puenc.def 2021-06-07 v7.00m Hyperref: PDF Unicode definition (HO)
Now handling font encoding PU ...
... no UTF-8 mapping file for font encoding PU
)
Package hyperref Info: Option `unicode' set `true' on input line 4073.
Package hyperref Info: Option `hyperfootnotes' set `false' on input line 4073.
Package hyperref Info: Hyper figures OFF on input line 4192.
Package hyperref Info: Link nesting OFF on input line 4197.
Package hyperref Info: Hyper index ON on input line 4200.
Package hyperref Info: Plain pages OFF on input line 4207.
Package hyperref Info: Backreferencing OFF on input line 4212.
Package hyperref Info: Implicit mode ON; LaTeX internals redefined.
Package hyperref Info: Bookmarks ON on input line 4445.
\c@Hy@tempcnt=\count266
(/Users/agrogan/Library/TinyTeX/texmf-dist/tex/latex/url/url.sty
\Urlmuskip=\muskip16
Package: url 2013/09/16  ver 3.4  Verb mode for urls, etc.
)
LaTeX Info: Redefining \url on input line 4804.
\XeTeXLinkMargin=\dimen148
(/Users/agrogan/Library/TinyTeX/texmf-dist/tex/generic/bitset/bitset.sty
Package: bitset 2019/12/09 v1.3 Handle bit-vector datatype (HO)

(/Users/agrogan/Library/TinyTeX/texmf-dist/tex/generic/bigintcalc/bigintcalc.st
y
Package: bigintcalc 2019/12/15 v1.5 Expandable calculations on big integers (HO
)
))
\Fld@menulength=\count267
\Field@Width=\dimen149
\Fld@charsize=\dimen150
Package hyperref Info: Hyper figures OFF on input line 6076.
Package hyperref Info: Link nesting OFF on input line 6081.
Package hyperref Info: Hyper index ON on input line 6084.
Package hyperref Info: backreferencing OFF on input line 6091.
Package hyperref Info: Link coloring OFF on input line 6096.
Package hyperref Info: Link coloring with OCG OFF on input line 6101.
Package hyperref Info: PDF/A mode OFF on input line 6106.
LaTeX Info: Redefining \ref on input line 6146.
LaTeX Info: Redefining \pageref on input line 6150.
(/Users/agrogan/Library/TinyTeX/texmf-dist/tex/latex/base/atbegshi-ltx.sty
Package: atbegshi-ltx 2021/01/10 v1.0c Emulation of the original atbegshi
package with kernel methods
)
\Hy@abspage=\count268
\c@Item=\count269
)
Package hyperref Info: Driver (autodetected): hpdftex.
(/Users/agrogan/Library/TinyTeX/texmf-dist/tex/latex/hyperref/hpdftex.def
File: hpdftex.def 2021-06-07 v7.00m Hyperref driver for pdfTeX
(/Users/agrogan/Library/TinyTeX/texmf-dist/tex/latex/base/atveryend-ltx.sty
Package: atveryend-ltx 2020/08/19 v1.0a Emulation of the original atvery packag
e
with kernel methods
)
\Fld@listcount=\count270
\c@bookmark@seq@number=\count271

(/Users/agrogan/Library/TinyTeX/texmf-dist/tex/latex/rerunfilecheck/rerunfilech
eck.sty
Package: rerunfilecheck 2019/12/05 v1.9 Rerun checks for auxiliary files (HO)

(/Users/agrogan/Library/TinyTeX/texmf-dist/tex/generic/uniquecounter/uniquecoun
ter.sty
Package: uniquecounter 2019/12/15 v1.4 Provide unlimited unique counter (HO)
)
Package uniquecounter Info: New unique counter `rerunfilecheck' on input line 2
86.
)
\Hy@SectionHShift=\skip54
) (/Users/agrogan/Library/TinyTeX/texmf-dist/tex/latex/ragged2e/ragged2e.sty
Package: ragged2e 2021/02/05 v3.0 ragged2e Package
\CenteringLeftskip=\skip55
\RaggedLeftLeftskip=\skip56
\RaggedRightLeftskip=\skip57
\CenteringRightskip=\skip58
\RaggedLeftRightskip=\skip59
\RaggedRightRightskip=\skip60
\CenteringParfillskip=\skip61
\RaggedLeftParfillskip=\skip62
\RaggedRightParfillskip=\skip63
\JustifyingParfillskip=\skip64
\CenteringParindent=\skip65
\RaggedLeftParindent=\skip66
\RaggedRightParindent=\skip67
\JustifyingParindent=\skip68
) (/Users/agrogan/Library/TinyTeX/texmf-dist/tex/latex/geometry/geometry.sty
Package: geometry 2020/01/02 v5.9 Page Geometry
(/Users/agrogan/Library/TinyTeX/texmf-dist/tex/generic/iftex/ifvtex.sty
Package: ifvtex 2019/10/25 v1.7 ifvtex legacy package. Use iftex instead.
)
\Gm@cnth=\count272
\Gm@cntv=\count273
\c@Gm@tempcnt=\count274
\Gm@bindingoffset=\dimen151
\Gm@wd@mp=\dimen152
\Gm@odd@mp=\dimen153
\Gm@even@mp=\dimen154
\Gm@layoutwidth=\dimen155
\Gm@layoutheight=\dimen156
\Gm@layouthoffset=\dimen157
\Gm@layoutvoffset=\dimen158
\Gm@dimlist=\toks19
) (/Users/agrogan/Library/TinyTeX/texmf-dist/tex/latex/changepage/changepage.st
y
Package: changepage 2009/10/20 v1.0c check page and change page layout
\c@cp@cntr=\count275
\cp@tempcnt=\count276
)
\@tufte@overhang=\skip69
\@tufte@fullwidth=\skip70
\@tufte@caption@fill=\skip71
(/Users/agrogan/Library/TinyTeX/texmf-dist/tex/latex/paralist/paralist.sty
Package: paralist 2017/01/22 v2.7 Extended list environments
\pltopsep=\skip72
\plpartopsep=\skip73
\plitemsep=\skip74
\plparsep=\skip75
\pl@lab=\toks20
) (/Users/agrogan/Library/TinyTeX/texmf-dist/tex/latex/textcase/textcase.sty
Package: textcase 2019/09/14 v1.00 Text only upper/lower case changing (DPC)
)

Class tufte-handout Warning: Couldn't locate `soul' package

(/Users/agrogan/Library/TinyTeX/texmf-dist/tex/latex/setspace/setspace.sty
Package: setspace 2011/12/19 v6.7a set line spacing
) (/Users/agrogan/Library/TinyTeX/texmf-dist/tex/latex/xcolor/xcolor.sty
Package: xcolor 2016/05/11 v2.12 LaTeX color extensions (UK)
(/Users/agrogan/Library/TinyTeX/texmf-dist/tex/latex/graphics-cfg/color.cfg
File: color.cfg 2016/01/02 v1.6 sample color configuration
)
Package xcolor Info: Package option `usenames' ignored on input line 216.
Package xcolor Info: Driver file: pdftex.def on input line 225.
(/Users/agrogan/Library/TinyTeX/texmf-dist/tex/latex/graphics-def/pdftex.def
File: pdftex.def 2020/10/05 v1.2a Graphics/color driver for pdftex
)
Package xcolor Info: Model `cmy' substituted by `cmy0' on input line 1348.
Package xcolor Info: Model `hsb' substituted by `rgb' on input line 1352.
Package xcolor Info: Model `RGB' extended on input line 1364.
Package xcolor Info: Model `HTML' substituted by `rgb' on input line 1366.
Package xcolor Info: Model `Hsb' substituted by `hsb' on input line 1367.
Package xcolor Info: Model `tHsb' substituted by `hsb' on input line 1368.
Package xcolor Info: Model `HSB' substituted by `hsb' on input line 1369.
Package xcolor Info: Model `Gray' substituted by `gray' on input line 1370.
Package xcolor Info: Model `wave' substituted by `hsb' on input line 1371.
(/Users/agrogan/Library/TinyTeX/texmf-dist/tex/latex/graphics/dvipsnam.def
File: dvipsnam.def 2016/06/17 v3.0m Driver-dependent file (DPC,SPQR)
) (/Users/agrogan/Library/TinyTeX/texmf-dist/tex/latex/xcolor/svgnam.def
File: svgnam.def 2016/05/11 v2.12 Predefined colors according to SVG 1.1 (UK)
)) (/Users/agrogan/Library/TinyTeX/texmf-dist/tex/latex/natbib/natbib.sty
Package: natbib 2010/09/13 8.31b (PWD, AO)
\bibhang=\skip76
\bibsep=\skip77
LaTeX Info: Redefining \cite on input line 694.
\c@NAT@ctr=\count277
) (/Users/agrogan/Library/TinyTeX/texmf-dist/tex/latex/natbib/bibentry.sty
Package: bibentry 2007/10/30 1.5 (PWD)
)
No file TwoPageStata.bbl.
\c@@tufte@num@bibkeys=\count278
(/Users/agrogan/Library/TinyTeX/texmf-dist/tex/latex/sauerj/optparams.sty
Package: optparams 2004/08/14 v0.9 multiple optional parameters in macros
)
\@tufte@sidenote@vertical@offset=\skip78
(/Users/agrogan/Library/TinyTeX/texmf-dist/tex/latex/placeins/placeins.sty
Package: placeins 2005/04/18  v 2.2
)
\@tufte@margin@floatbox=\box51
\@tufte@figure@box=\box52
\@tufte@caption@box=\box53
\@tufte@caption@vertical@offset=\skip79
\@tufte@float@contents@width=\skip80
(/Users/agrogan/Library/TinyTeX/texmf-dist/tex/latex/fancyhdr/fancyhdr.sty
Package: fancyhdr 2021/01/28 v4.0.1 Extensive control of page headers and foote
rs
\f@nch@headwidth=\skip81
\f@nch@O@elh=\skip82
\f@nch@O@erh=\skip83
\f@nch@O@olh=\skip84
\f@nch@O@orh=\skip85
\f@nch@O@elf=\skip86
\f@nch@O@erf=\skip87
\f@nch@O@olf=\skip88
\f@nch@O@orf=\skip89
)
\tufteskipamount=\skip90
(/Users/agrogan/Library/TinyTeX/texmf-dist/tex/latex/tools/multicol.sty
Package: multicol 2019/12/09 v1.8y multicolumn formatting (FMi)
\c@tracingmulticols=\count279
\mult@box=\box54
\multicol@leftmargin=\dimen159
\c@unbalance=\count280
\c@collectmore=\count281
\doublecol@number=\count282
\multicoltolerance=\count283
\multicolpretolerance=\count284
\full@width=\dimen160
\page@free=\dimen161
\premulticols=\dimen162
\postmulticols=\dimen163
\multicolsep=\skip91
\multicolbaselineskip=\skip92
\partial@page=\box55
\last@line=\box56
\maxbalancingoverflow=\dimen164
\mult@rightbox=\box57
\mult@grightbox=\box58
\mult@gfirstbox=\box59
\mult@firstbox=\box60
\@tempa=\box61
\@tempa=\box62
\@tempa=\box63
\@tempa=\box64
\@tempa=\box65
\@tempa=\box66
\@tempa=\box67
\@tempa=\box68
\@tempa=\box69
\@tempa=\box70
\@tempa=\box71
\@tempa=\box72
\@tempa=\box73
\@tempa=\box74
\@tempa=\box75
\@tempa=\box76
\@tempa=\box77
\@tempa=\box78
\@tempa=\box79
\@tempa=\box80
\@tempa=\box81
\@tempa=\box82
\@tempa=\box83
\@tempa=\box84
\@tempa=\box85
\@tempa=\box86
\@tempa=\box87
\@tempa=\box88
\@tempa=\box89
\@tempa=\box90
\@tempa=\box91
\@tempa=\box92
\@tempa=\box93
\@tempa=\box94
\@tempa=\box95
\@tempa=\box96
\@tempa=\box97
\c@minrows=\count285
\c@columnbadness=\count286
\c@finalcolumnbadness=\count287
\last@try=\dimen165
\multicolovershoot=\dimen166
\multicolundershoot=\dimen167
\mult@nat@firstbox=\box98
\colbreak@box=\box99
\mc@col@check@num=\count288
))) (/Users/agrogan/Library/TinyTeX/texmf-dist/tex/latex/amsfonts/amssymb.sty
Package: amssymb 2013/01/14 v3.01 AMS font symbols
(/Users/agrogan/Library/TinyTeX/texmf-dist/tex/latex/amsfonts/amsfonts.sty
Package: amsfonts 2013/01/14 v3.01 Basic AMSFonts support
\@emptytoks=\toks21
\symAMSa=\mathgroup4
\symAMSb=\mathgroup5
LaTeX Font Info:    Redeclaring math symbol \hbar on input line 98.
LaTeX Font Info:    Overwriting math alphabet `\mathfrak' in version `bold'
(Font)                  U/euf/m/n --> U/euf/b/n on input line 106.
)) (/Users/agrogan/Library/TinyTeX/texmf-dist/tex/latex/amsmath/amsmath.sty
Package: amsmath 2021/04/20 v2.17j AMS math features
\@mathmargin=\skip93
For additional information on amsmath, use the `?' option.
(/Users/agrogan/Library/TinyTeX/texmf-dist/tex/latex/amsmath/amstext.sty
Package: amstext 2000/06/29 v2.01 AMS text
(/Users/agrogan/Library/TinyTeX/texmf-dist/tex/latex/amsmath/amsgen.sty
File: amsgen.sty 1999/11/30 v2.0 generic functions
\@emptytoks=\toks22
\ex@=\dimen168
)) (/Users/agrogan/Library/TinyTeX/texmf-dist/tex/latex/amsmath/amsbsy.sty
Package: amsbsy 1999/11/29 v1.2d Bold Symbols
\pmbraise@=\dimen169
) (/Users/agrogan/Library/TinyTeX/texmf-dist/tex/latex/amsmath/amsopn.sty
Package: amsopn 2016/03/08 v2.02 operator names
)
\inf@bad=\count289
LaTeX Info: Redefining \frac on input line 234.
\uproot@=\count290
\leftroot@=\count291
LaTeX Info: Redefining \overline on input line 399.
\classnum@=\count292
\DOTSCASE@=\count293
LaTeX Info: Redefining \ldots on input line 496.
LaTeX Info: Redefining \dots on input line 499.
LaTeX Info: Redefining \cdots on input line 620.
\Mathstrutbox@=\box100
\strutbox@=\box101
\big@size=\dimen170
LaTeX Font Info:    Redeclaring font encoding OML on input line 743.
LaTeX Font Info:    Redeclaring font encoding OMS on input line 744.
\macc@depth=\count294
\c@MaxMatrixCols=\count295
\dotsspace@=\muskip17
\c@parentequation=\count296
\dspbrk@lvl=\count297
\tag@help=\toks23
\row@=\count298
\column@=\count299
\maxfields@=\count300
\andhelp@=\toks24
\eqnshift@=\dimen171
\alignsep@=\dimen172
\tagshift@=\dimen173
\tagwidth@=\dimen174
\totwidth@=\dimen175
\lineht@=\dimen176
\@envbody=\toks25
\multlinegap=\skip94
\multlinetaggap=\skip95
\mathdisplay@stack=\toks26
LaTeX Info: Redefining \[ on input line 2923.
LaTeX Info: Redefining \] on input line 2924.
) (/Users/agrogan/Library/TinyTeX/texmf-dist/tex/latex/base/fixltx2e.sty
Package: fixltx2e 2016/12/29 v2.1a fixes to LaTeX (obsolete)
Applying: [2015/01/01] Old fixltx2e package on input line 46.

Package fixltx2e Warning: fixltx2e is not required with releases after 2015
(fixltx2e)                All fixes are now in the LaTeX kernel.
(fixltx2e)                See the latexrelease package for details.

Already applied: [0000/00/00] Old fixltx2e package on input line 53.
) (/Users/agrogan/Library/TinyTeX/texmf-dist/tex/latex/base/fontenc.sty
Package: fontenc 2021/04/29 v2.0v Standard LaTeX package
) (/Users/agrogan/Library/TinyTeX/texmf-dist/tex/latex/base/inputenc.sty
Package: inputenc 2021/02/14 v1.3d Input encoding file
\inpenc@prehook=\toks27
\inpenc@posthook=\toks28
) (/Users/agrogan/Library/TinyTeX/texmf-dist/tex/latex/graphics/graphicx.sty
Package: graphicx 2020/12/05 v1.2c Enhanced LaTeX Graphics (DPC,SPQR)
(/Users/agrogan/Library/TinyTeX/texmf-dist/tex/latex/graphics/graphics.sty
Package: graphics 2021/03/04 v1.4d Standard LaTeX Graphics (DPC,SPQR)
(/Users/agrogan/Library/TinyTeX/texmf-dist/tex/latex/graphics/trig.sty
Package: trig 2016/01/03 v1.10 sin cos tan (DPC)
) (/Users/agrogan/Library/TinyTeX/texmf-dist/tex/latex/graphics-cfg/graphics.cf
g
File: graphics.cfg 2016/06/04 v1.11 sample graphics configuration
)
Package graphics Info: Driver file: pdftex.def on input line 107.
)
\Gin@req@height=\dimen177
\Gin@req@width=\dimen178
) (/Users/agrogan/Library/TinyTeX/texmf-dist/tex/latex/booktabs/booktabs.sty
Package: booktabs 2020/01/12 v1.61803398 Publication quality tables
\heavyrulewidth=\dimen179
\lightrulewidth=\dimen180
\cmidrulewidth=\dimen181
\belowrulesep=\dimen182
\belowbottomsep=\dimen183
\aboverulesep=\dimen184
\abovetopsep=\dimen185
\cmidrulesep=\dimen186
\cmidrulekern=\dimen187
\defaultaddspace=\dimen188
\@cmidla=\count301
\@cmidlb=\count302
\@aboverulesep=\dimen189
\@belowrulesep=\dimen190
\@thisruleclass=\count303
\@lastruleclass=\count304
\@thisrulewidth=\dimen191
) (/Users/agrogan/Library/TinyTeX/texmf-dist/tex/latex/units/units.sty
Package: units 1998/08/04 v0.9b Typesetting units
(/Users/agrogan/Library/TinyTeX/texmf-dist/tex/latex/units/nicefrac.sty
Package: nicefrac 1998/08/04 v0.9b Nice fractions
\L@UnitsRaiseDisplaystyle=\skip96
\L@UnitsRaiseTextstyle=\skip97
\L@UnitsRaiseScriptstyle=\skip98
)) (/Users/agrogan/Library/TinyTeX/texmf-dist/tex/generic/ulem/ulem.sty
\UL@box=\box102
\UL@hyphenbox=\box103
\UL@skip=\skip99
\UL@hook=\toks29
\UL@height=\dimen192
\UL@pe=\count305
\UL@pixel=\dimen193
\ULC@box=\box104
Package: ulem 2019/11/18
\ULdepth=\dimen194
) (/Users/agrogan/Library/TinyTeX/texmf-dist/tex/latex/morefloats/morefloats.st
y
Package: morefloats 2015/07/22 v1.0h Raise limit of unprocessed floats (HMM)
Package morefloats Info: Maximum number of possible floats asked for: 36
(morefloats)             (i.e. 18 more floats).
(morefloats)             LaTeX might run out of memory before this
(morefloats)             (in which case it will notify you).
) (/Users/agrogan/Library/TinyTeX/texmf-dist/tex/latex/roboto/roboto.sty
Package: roboto 2019/12/11 (Bob Tennent) Supports Roboto fonts for all LaTeX en
gines.
(/Users/agrogan/Library/TinyTeX/texmf-dist/tex/latex/base/textcomp.sty
Package: textcomp 2020/02/02 v2.0n Standard LaTeX package
) (/Users/agrogan/Library/TinyTeX/texmf-dist/tex/latex/base/fontenc.sty
Package: fontenc 2021/04/29 v2.0v Standard LaTeX package

LaTeX Font Warning: Font shape `T1/cmr/c/n' undefined
(Font)              using `T1/cmr/m/n' instead on input line 112.

) (/Users/agrogan/Library/TinyTeX/texmf-dist/tex/latex/fontaxes/fontaxes.sty
Package: fontaxes 2020/07/21 v1.0e Font selection axes
LaTeX Info: Redefining \upshape on input line 29.
LaTeX Info: Redefining \itshape on input line 31.
LaTeX Info: Redefining \slshape on input line 33.
LaTeX Info: Redefining \swshape on input line 35.
LaTeX Info: Redefining \scshape on input line 37.
LaTeX Info: Redefining \sscshape on input line 39.
LaTeX Info: Redefining \ulcshape on input line 41.
LaTeX Info: Redefining \textsw on input line 47.
LaTeX Info: Redefining \textssc on input line 48.
LaTeX Info: Redefining \textulc on input line 49.
)
LaTeX Info: Redefining \robotoTOsF on input line 396.
)
Package hyperref Info: Option `colorlinks' set `true' on input line 87.
LaTeX Font Info:    Trying to load font information for T1+Roboto-LF on input l
ine 209.
(/Users/agrogan/Library/TinyTeX/texmf-dist/tex/latex/roboto/T1Roboto-LF.fd
File: T1Roboto-LF.fd 2019/12/11 (autoinst) Font definitions for T1/Roboto-LF.
)
LaTeX Font Info:    Font shape `T1/Roboto-LF/c/n' aliased to
(Font)              `T1/Roboto-LF/condensed/n' on input line 209.
LaTeX Font Info:    Font shape `T1/Roboto-LF/condensed/n' will be
(Font)              scaled to size 10.0pt on input line 209.

(/Users/agrogan/Library/TinyTeX/texmf-dist/tex/latex/l3backend/l3backend-pdftex
.def
File: l3backend-pdftex.def 2021-08-04 L3 backend support: PDF output (pdfTeX)
\l__color_backend_stack_int=\count306
\l__pdf_internal_box=\box105
)

LaTeX Warning: Unused global option(s):
    [11pt].

(./TwoPageStata.aux)
\openout1 = `TwoPageStata.aux'.

LaTeX Font Info:    Checking defaults for OML/cmm/m/it on input line 209.
LaTeX Font Info:    ... okay on input line 209.
LaTeX Font Info:    Checking defaults for OMS/cmsy/m/n on input line 209.
LaTeX Font Info:    ... okay on input line 209.
LaTeX Font Info:    Checking defaults for OT1/cmr/m/n on input line 209.
LaTeX Font Info:    ... okay on input line 209.
LaTeX Font Info:    Checking defaults for T1/cmr/m/n on input line 209.
LaTeX Font Info:    ... okay on input line 209.
LaTeX Font Info:    Checking defaults for TS1/cmr/m/n on input line 209.
LaTeX Font Info:    ... okay on input line 209.
LaTeX Font Info:    Checking defaults for OMX/cmex/m/n on input line 209.
LaTeX Font Info:    ... okay on input line 209.
LaTeX Font Info:    Checking defaults for U/cmr/m/n on input line 209.
LaTeX Font Info:    ... okay on input line 209.
LaTeX Font Info:    Checking defaults for PD1/pdf/m/n on input line 209.
LaTeX Font Info:    ... okay on input line 209.
LaTeX Font Info:    Checking defaults for PU/pdf/m/n on input line 209.
LaTeX Font Info:    ... okay on input line 209.
Package hyperref Info: Link coloring ON on input line 209.
(/Users/agrogan/Library/TinyTeX/texmf-dist/tex/latex/hyperref/nameref.sty
Package: nameref 2021-04-02 v2.47 Cross-referencing by name of section
(/Users/agrogan/Library/TinyTeX/texmf-dist/tex/latex/refcount/refcount.sty
Package: refcount 2019/12/15 v3.6 Data extraction from label references (HO)
)
(/Users/agrogan/Library/TinyTeX/texmf-dist/tex/generic/gettitlestring/gettitles
tring.sty
Package: gettitlestring 2019/12/15 v1.6 Cleanup title references (HO)
)
\c@section@level=\count307
)
LaTeX Info: Redefining \ref on input line 209.
LaTeX Info: Redefining \pageref on input line 209.
LaTeX Info: Redefining \nameref on input line 209.
(./TwoPageStata.out) (./TwoPageStata.out)
\@outlinefile=\write3
\openout3 = `TwoPageStata.out'.

*geometry* driver: auto-detecting
*geometry* detected driver: pdftex
*geometry* verbose mode - [ preamble ] result:
* driver: pdftex
* paper: letterpaper
* layout: <same size as paper>
* layoutoffset:(h,v)=(0.0pt,0.0pt)
* modes: twoside asymmetric 
* h-part:(L,W,R)=(72.26999pt, 312.0pt, 230.02501pt)
* v-part:(T,H,B)=(72.26999pt, 616.0pt, 106.7pt)
* \paperwidth=614.295pt
* \paperheight=794.96999pt
* \textwidth=312.0pt
* \textheight=616.0pt
* \oddsidemargin=0.0pt
* \evensidemargin=0.0pt
* \topmargin=-42.0pt
* \headheight=14.0pt
* \headsep=28.0pt
* \topskip=10.0pt
* \footskip=30.0pt
* \marginparwidth=144.0pt
* \marginparsep=24.0pt
* \columnsep=10.0pt
* \skip\footins=9.0pt plus 4.0pt minus 2.0pt
* \hoffset=0.0pt
* \voffset=0.0pt
* \mag=1000
* \@twocolumnfalse
* \@twosidetrue
* \@mparswitchfalse
* \@reversemarginfalse
* (1in=72.27pt=25.4mm, 1cm=28.453pt)

\langwohyphens=\language3

(/Users/agrogan/Library/TinyTeX/texmf-dist/tex/latex/epstopdf-pkg/epstopdf-base
.sty
Package: epstopdf-base 2020-01-24 v2.11 Base part for package epstopdf
Package epstopdf-base Info: Redefining graphics rule for `.eps' on input line 4
85.

(/Users/agrogan/Library/TinyTeX/texmf-dist/tex/latex/latexconfig/epstopdf-sys.c
fg
File: epstopdf-sys.cfg 2010/07/13 v1.3 Configuration of (r)epstopdf for TeX Liv
e
))
\c@mv@tabular=\count308
\c@mv@boldtabular=\count309
LaTeX Font Info:    Font shape `T1/Roboto-LF/bc/n' aliased to
(Font)              `T1/Roboto-LF/boldcondensed/n' on input line 211.
LaTeX Font Info:    Font shape `T1/Roboto-LF/boldcondensed/n' will be
(Font)              scaled to size 10.0pt on input line 211.
LaTeX Font Info:    Font shape `T1/Roboto-LF/bc/n' aliased to
(Font)              `T1/Roboto-LF/boldcondensed/n' on input line 211.
LaTeX Font Info:    Font shape `T1/Roboto-LF/boldcondensed/n' will be
(Font)              scaled to size 14.4pt on input line 211.
LaTeX Font Info:    Font shape `T1/Roboto-LF/lc/n' aliased to
(Font)              `T1/Roboto-LF/lightcondensed/n' on input line 211.
LaTeX Font Info:    Font shape `T1/Roboto-LF/lightcondensed/n' will be
(Font)              scaled to size 10.0pt on input line 211.
LaTeX Font Info:    Font shape `T1/Roboto-LF/lc/n' aliased to
(Font)              `T1/Roboto-LF/lightcondensed/n' on input line 211.
LaTeX Font Info:    Font shape `T1/Roboto-LF/lightcondensed/n' will be
(Font)              scaled to size 12.0pt on input line 211.
LaTeX Font Info:    Trying to load font information for U+msa on input line 217
.
(/Users/agrogan/Library/TinyTeX/texmf-dist/tex/latex/amsfonts/umsa.fd
File: umsa.fd 2013/01/14 v3.01 AMS symbols A
)
LaTeX Font Info:    Trying to load font information for U+msb on input line 217
.
(/Users/agrogan/Library/TinyTeX/texmf-dist/tex/latex/amsfonts/umsb.fd
File: umsb.fd 2013/01/14 v3.01 AMS symbols B
)
LaTeX Font Info:    Font shape `T1/Roboto-LF/c/n' aliased to
(Font)              `T1/Roboto-LF/condensed/n' on input line 217.
LaTeX Font Info:    Font shape `T1/Roboto-LF/condensed/n' will be
(Font)              scaled to size 7.0pt on input line 217.
LaTeX Font Info:    Font shape `T1/Roboto-LF/c/n' aliased to
(Font)              `T1/Roboto-LF/condensed/n' on input line 217.
LaTeX Font Info:    Font shape `T1/Roboto-LF/condensed/n' will be
(Font)              scaled to size 8.0pt on input line 217.
LaTeX Font Info:    Font shape `T1/Roboto-LF/c/n' aliased to
(Font)              `T1/Roboto-LF/condensed/n' on input line 217.
LaTeX Font Info:    Font shape `T1/Roboto-LF/condensed/n' will be
(Font)              scaled to size 6.0pt on input line 217.
LaTeX Font Info:    Font shape `T1/Roboto-LF/c/n' aliased to
(Font)              `T1/Roboto-LF/condensed/n' on input line 217.
LaTeX Font Info:    Font shape `T1/Roboto-LF/condensed/n' will be
(Font)              scaled to size 5.0pt on input line 217.
LaTeX Font Info:    Trying to load font information for T1+cmtt on input line 2
21.
(/Users/agrogan/Library/TinyTeX/texmf-dist/tex/latex/base/t1cmtt.fd
File: t1cmtt.fd 2019/12/16 v2.5j Standard LaTeX font definitions
)
LaTeX Font Info:    Font shape `T1/Roboto-LF/bc/n' aliased to
(Font)              `T1/Roboto-LF/boldcondensed/n' on input line 228.
LaTeX Font Info:    Font shape `T1/Roboto-LF/boldcondensed/n' will be
(Font)              scaled to size 8.0pt on input line 228.
LaTeX Font Info:    Font shape `T1/Roboto-LF/c/it' aliased to
(Font)              `T1/Roboto-LF/condensed/it' on input line 233.
LaTeX Font Info:    Font shape `T1/Roboto-LF/condensed/it' will be
(Font)              scaled to size 8.0pt on input line 233.

LaTeX Warning: Marginpar on page 1 moved.


LaTeX Warning: Marginpar on page 1 moved.


LaTeX Warning: Marginpar on page 1 moved.


LaTeX Warning: Marginpar on page 1 moved.


LaTeX Warning: Marginpar on page 1 moved.


LaTeX Warning: Marginpar on page 1 moved.


LaTeX Warning: Marginpar on page 1 moved.


LaTeX Warning: Marginpar on page 1 moved.


LaTeX Warning: Marginpar on page 1 moved.

LaTeX Font Info:    Font shape `T1/Roboto-LF/bc/n' aliased to
(Font)              `T1/Roboto-LF/boldcondensed/n' on input line 249.
LaTeX Font Info:    Font shape `T1/Roboto-LF/boldcondensed/n' will be
(Font)              scaled to size 12.0pt on input line 249.

LaTeX Warning: Marginpar on page 1 moved.


Overfull \hbox (2.29308pt too wide) in paragraph at lines 260--264
[]\T1/cmtt/m/n/10 describe \T1/Roboto-LF/condensed/n/10 tells you about the con
-tents of a spe-cific vari-able. E.g. \T1/cmtt/m/n/10 describe 
 []


LaTeX Warning: Marginpar on page 1 moved.


LaTeX Warning: Marginpar on page 1 moved.

[1

{/Users/agrogan/Library/TinyTeX/texmf-var/fonts/map/pdftex/updmap/pdftex.map}]

LaTeX Warning: Marginpar on page 2 moved.


LaTeX Warning: Marginpar on page 2 moved.


LaTeX Warning: Marginpar on page 2 moved.


LaTeX Warning: Marginpar on page 2 moved.


LaTeX Warning: Marginpar on page 2 moved.


LaTeX Warning: Marginpar on page 2 moved.


LaTeX Warning: Marginpar on page 2 moved.

LaTeX Font Info:    Font shape `T1/cmtt/bx/n' in size <12> not available
(Font)              Font shape `T1/cmtt/m/n' tried instead on input line 360.

Package bibentry Warning: You have used \nobibliography* 
(bibentry)                without a following \bibliography.
(bibentry)                You may not be able to run BibTeX.


Class tufte-handout Warning: Proper spacing of small-caps letters has not been 
set up.
This message occurred on input line 371.

[2] (./TwoPageStata.aux)

LaTeX Font Warning: Some font shapes were not available, defaults substituted.

Package rerunfilecheck Info: File `TwoPageStata.out' has not changed.
(rerunfilecheck)             Checksum: 12BF97ACD0FC7CABCE85130E5428F586;1004.
 ) 
Here is how much of TeX's memory you used:
 13096 strings out of 480559
 197987 string characters out of 5902451
 539242 words of memory out of 5000000
 30422 multiletter control sequences out of 15000+600000
 471891 words of font info for 78 fonts, out of 8000000 for 9000
 14 hyphenation exceptions out of 8191
 81i,12n,83p,260b,390s stack positions out of 5000i,500n,10000p,200000b,80000s
 </Users/agrogan/Library/TinyTeX/texmf-var/fonts/pk/ljfour/jknappen/ec/ectt12
00.600pk>{/Users/agrogan/Library/TinyTeX/texmf-dist/fonts/enc/dvips/roboto/rbto
_b5rac7.enc} </Users/agrogan/Library/TinyTeX/texmf-var/fonts/pk/ljfour/jknappen
/ec/ectt1000.600pk> </Users/agrogan/Library/TinyTeX/texmf-var/fonts/pk/ljfour/j
knappen/ec/ectt0800.600pk></Users/agrogan/Library/TinyTeX/texmf-dist/fonts/type
1/google/roboto/RobotoCondensed-Bold.pfb></Users/agrogan/Library/TinyTeX/texmf-
dist/fonts/type1/google/roboto/RobotoCondensed-Italic.pfb></Users/agrogan/Libra
ry/TinyTeX/texmf-dist/fonts/type1/google/roboto/RobotoCondensed-Light.pfb></Use
rs/agrogan/Library/TinyTeX/texmf-dist/fonts/type1/google/roboto/RobotoCondensed
-Regular.pfb>
Output written on TwoPageStata.pdf (2 pages, 101586 bytes).
PDF statistics:
 176 PDF objects out of 1000 (max. 8388607)
 81 compressed objects within 1 object stream
 17 named destinations out of 1000 (max. 500000)
 57 words of extra memory for PDF output out of 10000 (max. 10000000)

